0610040J01Rik: 14 peaks
1110002L01Rik: 11 peaks
1110006O24Rik: 4 peaks
1110020A21Rik: 4 peaks
1110034G24Rik: 11 peaks
1110038F14Rik: 24 peaks
1190005I06Rik: 8 peaks
1500017E21Rik: 12 peaks
1600002K03Rik: 12 peaks
1700016D06Rik: 4 peaks
1700017B05Rik: 3 peaks
1700019A02Rik: 3 peaks
1700019G24Rik: 6 peaks
1700023H06Rik: 2 peaks
1700024P16Rik: 8 peaks
1700029J07Rik: 10 peaks
1700040D17Rik: 6 peaks
1700047A11Rik: 4 peaks
1700047M11Rik: 11 peaks
1700063D05Rik: 7 peaks
1700064H15Rik: 3 peaks
1700066B19Rik: 5 peaks
1700093K21Rik: 1 peaks
1700096K18Rik: 4 peaks
1700111N16Rik: 5 peaks
1700112E06Rik: 14 peaks
1700123O20Rik: 6 peaks
1700125G02Rik: 6 peaks
1810011H11Rik: 4 peaks
1810013D15Rik: 0 peaks
1810024B03Rik: 7 peaks
1810034E14Rik: 6 peaks
1810044D09Rik: 9 peaks
2010001A14Rik: 6 peaks
2010009K17Rik: 3 peaks
2010013B24Rik: 3 peaks
2010109A12Rik: 4 peaks
2010320M18Rik: 5 peaks
2210016F16Rik: 3 peaks
2210016L21Rik: 23 peaks
2310002F09Rik: 8 peaks
2310009A05Rik: 6 peaks
2310010J17Rik: 3 peaks
2310015A10Rik: 6 peaks
2310022B05Rik: 10 peaks
2310031A07Rik: 6 peaks
2310069G16Rik: 5 peaks
2500002B13Rik: 1 peaks
2510017J16Rik: 1 peaks
2610035D17Rik: 23 peaks
2610203C22Rik: 5 peaks
2700062C07Rik: 8 peaks
2700097O09Rik: 8 peaks
2700099C18Rik: 5 peaks
2810001G20Rik: 6 peaks
2810004N23Rik: 14 peaks
2810402E24Rik: 11 peaks
2810405F17Rik: 5 peaks
2810410L24Rik: 10 peaks
2810428I15Rik: 12 peaks
2810459M11Rik: 5 peaks
2810468N07Rik: 15 peaks
2900052L18Rik: 12 peaks
2900052N01Rik: 5 peaks
3000002C10Rik: 3 peaks
3110062M04Rik: 7 peaks
3110082J24Rik: 2 peaks
3300002A11Rik: 3 peaks
4632415L05Rik: 6 peaks
4732491K20Rik: 5 peaks
4833418N02Rik: 6 peaks
4930444A19Rik: 3 peaks
4930444P10Rik: 6 peaks
4930473A02Rik: 6 peaks
4930478K11Rik: 7 peaks
4930481A15Rik: 10 peaks
4930522L14Rik: 1 peaks
4930523C07Rik: 4 peaks
4930524O07Rik: 5 peaks
4930579K19Rik: 3 peaks
4930581F22Rik: 15 peaks
4930589O11Rik: 3 peaks
4932438H23Rik: 5 peaks
4932443L11Rik: 6 peaks
4933400F21Rik: 5 peaks
4933402D24Rik: 5 peaks
4933409G03Rik: 4 peaks
4933431E20Rik: 13 peaks
4933440N22Rik: 5 peaks
5330416C01Rik: 8 peaks
5830454E08Rik: 12 peaks
6030407O03Rik: 8 peaks
6030458C11Rik: 20 peaks
6330408A02Rik: 2 peaks
6430503K07Rik: 1 peaks
6430590A07Rik: 11 peaks
6430710C18Rik: 5 peaks
6530403H02Rik: 26 peaks
6530409C15Rik: 11 peaks
6820408C15Rik: 6 peaks
7530428D23Rik: 1 peaks
8030442B05Rik: 3 peaks
8430429K09Rik: 7 peaks
9130604C24Rik: 4 peaks
9330111N05Rik: 5 peaks
9330158H04Rik: 6 peaks
9330159M07Rik: 2 peaks
9330160F10Rik: 7 peaks
9330162012Rik: 3 peaks
9430041J12Rik: 8 peaks
9430060I03Rik: 7 peaks
9530026P05Rik: 12 peaks
9930111J21Rik2: 3 peaks
A230001M10Rik: 7 peaks
A230005M16Rik: 6 peaks
A230009B12Rik: 8 peaks
A230107N01Rik: 3 peaks
A330069E16Rik: 8 peaks
A330069K06Rik: 5 peaks
A330074K22Rik: 8 peaks
A430073D23Rik: 1 peaks
A530083I20Rik: 6 peaks
A630001G21Rik: 7 peaks
A730011C13Rik: 7 peaks
A730036I17Rik: 4 peaks
A730081D07Rik: 10 peaks
A730085K08Rik: 9 peaks
A730098A19Rik: 6 peaks
A830008E24Rik: 6 peaks
A830009L08Rik: 11 peaks
A830012C17Rik: 0 peaks
A830029E22Rik: 5 peaks
A830031A19Rik: 17 peaks
A830052D11Rik: 7 peaks
A930005H10Rik: 9 peaks
A930009A15Rik: 1 peaks
A930029G22Rik: 4 peaks
AA414768: 1 peaks
AI429214: 6 peaks
AI464131: 9 peaks
AI481877: 6 peaks
AI506816: 6 peaks
AI849053: 9 peaks
AI987944: 1 peaks
AU020206: 4 peaks
AU040972: 4 peaks
AV099323: 8 peaks
AW011738: 1 peaks
AW047730: 14 peaks
AW549877: 10 peaks
AW822252: 2 peaks
AY512915: 6 peaks
Aasdh: 18 peaks
Aatk: 25 peaks
Abat: 16 peaks
Abca1: 11 peaks
Abca2: 25 peaks
Abca8a: 3 peaks
Abca9: 6 peaks
Abcb4: 6 peaks
Abcb8: 19 peaks
Abcc1: 13 peaks
Abcc2: 3 peaks
Abcc3: 7 peaks
Abcc9: 5 peaks
Abcd2: 15 peaks
Abcd3: 12 peaks
Abcf1: 20 peaks
Abcg1: 13 peaks
Abhd12: 24 peaks
Abhd14a: 17 peaks
Abhd14b: 22 peaks
Abhd15: 4 peaks
Abhd5: 10 peaks
Abi1: 18 peaks
Abi3: 5 peaks
Abl1: 22 peaks
Abtb2: 14 peaks
Acacb: 10 peaks
Acad12: 9 peaks
Acadl: 7 peaks
Acat3: 4 peaks
Acbd3: 10 peaks
Acbd4: 15 peaks
Accs: 8 peaks
Ace: 5 peaks
Acer2: 7 peaks
Ackr2: 2 peaks
Ackr3: 3 peaks
Acot1: 7 peaks
Acot11: 8 peaks
Acot2: 3 peaks
Acot5: 6 peaks
Acoxl: 3 peaks
Acsbg1: 6 peaks
Acsl3: 20 peaks
Acsm3: 3 peaks
Acss1: 16 peaks
Acss2os: 5 peaks
Acta2: 2 peaks
Acy1: 9 peaks
Adam12: 12 peaks
Adam2: 7 peaks
Adam3: 3 peaks
Adam33: 15 peaks
Adamts4: 3 peaks
Adamts6: 9 peaks
Adamts9: 5 peaks
Adamtsl1: 24 peaks
Adamtsl4: 6 peaks
Adamtsl5: 9 peaks
Adap2: 2 peaks
Adarb2: 18 peaks
Adcy7: 5 peaks
Adcyap1r1: 25 peaks
Add3: 17 peaks
Adgra3: 2 peaks
Adgre1: 2 peaks
Adgre5: 6 peaks
Adgrf5: 2 peaks
Adgrg1: 7 peaks
Adh5: 7 peaks
Adhfe1: 4 peaks
Ado: 5 peaks
Adora2b: 4 peaks
Adprh: 9 peaks
Adprhl2: 18 peaks
Adra1a: 17 peaks
Adra2a: 5 peaks
Aebp1: 10 peaks
Afap1: 20 peaks
Afap1l2: 11 peaks
Agap1: 42 peaks
Agbl3: 10 peaks
Ager: 3 peaks
Agmat: 9 peaks
Agmo: 1 peaks
Ago4: 18 peaks
Agpat4: 22 peaks
Agps: 15 peaks
Agt: 5 peaks
Ahnak: 3 peaks
Ahr: 7 peaks
Aif1l: 3 peaks
Aim2: 4 peaks
Airn: 8 peaks
Ak9: 8 peaks
Akr1b10: 9 peaks
Akt2: 23 peaks
Akt2-ps: 2 peaks
Alcam: 33 peaks
Aldh16a1: 6 peaks
Aldh1a1: 2 peaks
Aldh1a2: 3 peaks
Aldh1l1: 18 peaks
Aldh1l2: 3 peaks
Aldh3b1: 5 peaks
Aldh6a1: 9 peaks
Aldh9a1: 11 peaks
Aldoc: 17 peaks
Alk: 26 peaks
Alms1-ps2: 4 peaks
Alox5: 2 peaks
Alox5ap: 6 peaks
Alpk1: 8 peaks
Alpl: 8 peaks
Als2cl: 9 peaks
Amer2: 11 peaks
Amigo2: 5 peaks
Amotl1: 9 peaks
Amotl2: 6 peaks
Amy1: 4 peaks
Amz1: 11 peaks
Angpt1: 7 peaks
Angptl2: 9 peaks
Ank1: 26 peaks
Ankfn1: 24 peaks
Ankrd11: 46 peaks
Ankrd29: 8 peaks
Ankrd44: 12 peaks
Ankrd49: 11 peaks
Ankub1: 4 peaks
Anln: 7 peaks
Ano1: 7 peaks
Ano4: 50 peaks
Antxr1: 33 peaks
Anxa3: 6 peaks
Anxa9: 5 peaks
Aox1: 4 peaks
Ap1m1: 10 peaks
Ap1s2: 5 peaks
Ap3m1: 15 peaks
Ap5s1: 7 peaks
Ap5z1: 14 peaks
Apbb1ip: 7 peaks
Apex1: 8 peaks
Apln: 2 peaks
Apoa1: 8 peaks
Apobec1: 6 peaks
Apobec3: 5 peaks
Apod: 8 peaks
Apoe: 17 peaks
Apol7a: 4 peaks
Appbp2os: 4 peaks
Appl2: 15 peaks
Aprt: 15 peaks
Aqp4: 6 peaks
Aqp9: 4 peaks
Arap1: 15 peaks
Arap3: 3 peaks
Arc: 38 peaks
Arcn1: 15 peaks
Arfip1: 4 peaks
Arhgap12: 7 peaks
Arhgap22: 9 peaks
Arhgap23: 24 peaks
Arhgap24: 8 peaks
Arhgap25: 15 peaks
Arhgap27: 7 peaks
Arhgap31: 10 peaks
Arhgap4: 6 peaks
Arhgap5: 32 peaks
Arhgdib: 2 peaks
Arhgef10: 12 peaks
Arhgef10l: 18 peaks
Arhgef19: 7 peaks
Arhgef26: 8 peaks
Arhgef28: 21 peaks
Arhgef38: 4 peaks
Arhgef4: 27 peaks
Arhgef40: 8 peaks
Arhgef6: 1 peaks
Arid2: 18 peaks
Arid3b: 15 peaks
Arid4a: 24 peaks
Arl10: 6 peaks
Arl13b: 11 peaks
Arl2: 13 peaks
Arl4a: 6 peaks
Arl4c: 10 peaks
Arl5a: 17 peaks
Arl5b: 5 peaks
Arl5c: 5 peaks
Arl6ip1: 17 peaks
Arl6ip4: 23 peaks
Arl6ip6: 4 peaks
Arl9: 3 peaks
Arpc1b: 7 peaks
Arpc5l: 13 peaks
Arrdc2: 6 peaks
Arsg: 8 peaks
Art3: 6 peaks
Arx: 3 peaks
As3mt: 8 peaks
Asah2: 5 peaks
Asap3: 5 peaks
Asb6: 13 peaks
Asb7: 11 peaks
Ascl1: 4 peaks
Asic5: 8 peaks
Aspa: 4 peaks
Aspg: 10 peaks
Aspm: 1 peaks
Asrgl1: 13 peaks
Astn2: 98 peaks
Atad2b: 30 peaks
Atat1: 12 peaks
Atg101: 10 peaks
Atg2b: 19 peaks
Atg4a: 4 peaks
Atg4d: 11 peaks
Atp10b: 4 peaks
Atp13a4: 7 peaks
Atp13a5: 7 peaks
Atp1a2: 22 peaks
Atp1b2: 15 peaks
Atp2b4: 36 peaks
Atp5f1: 11 peaks
Atp6ap2: 11 peaks
Atp9a: 34 peaks
Atxn1l: 7 peaks
Atxn7l3b: 10 peaks
Axl: 3 peaks
B130034C11Rik: 5 peaks
B230118H07Rik: 7 peaks
B230206H07Rik: 6 peaks
B230322F03Rik: 3 peaks
B230354K17Rik: 7 peaks
B2m: 13 peaks
B3galt5: 9 peaks
B4gat1: 7 peaks
B9d2: 8 peaks
BC003965: 16 peaks
BC022960: 3 peaks
BC026585: 10 peaks
BC028528: 7 peaks
BC029214: 18 peaks
BC039771: 6 peaks
BC051142: 8 peaks
BC051226: 8 peaks
BC065403: 2 peaks
Bach1: 9 peaks
Bach2: 48 peaks
Bach2os: 5 peaks
Bag5: 7 peaks
Bag6: 26 peaks
Bambi: 3 peaks
Bank1: 7 peaks
Bbox1: 5 peaks
Bbs9: 21 peaks
Bcan: 27 peaks
Bcap29: 19 peaks
Bcar3: 12 peaks
Bcas1: 12 peaks
Bcas1os2: 3 peaks
Bcdin3d: 7 peaks
Bcl10: 5 peaks
Bcl2l11: 4 peaks
Bcl6: 7 peaks
Bcl7a: 19 peaks
Bend4: 4 peaks
Bend7: 5 peaks
Bex2: 10 peaks
Bfsp2: 5 peaks
Bglap3: 10 peaks
Bhlhe41: 11 peaks
Bin1: 61 peaks
Bin2: 5 peaks
Birc2: 12 peaks
Birc3: 2 peaks
Blnk: 11 peaks
Blvrb: 7 peaks
Bmf: 4 peaks
Bmp2k: 8 peaks
Bmp4: 2 peaks
Bmp6: 4 peaks
Bmp7: 4 peaks
Bmpr1b: 28 peaks
Bnc2: 5 peaks
Bod1l: 26 peaks
Bora: 7 peaks
Brd3: 17 peaks
Brd8: 28 peaks
Brf1: 12 peaks
Bricd5: 3 peaks
Brinp3: 22 peaks
Brip1os: 7 peaks
Brms1: 12 peaks
Bsg: 14 peaks
Bspry: 3 peaks
Btbd11: 19 peaks
Btbd16: 5 peaks
Btbd17: 9 peaks
Btd: 4 peaks
Btg2: 13 peaks
Btk: 3 peaks
Bub1b: 5 peaks
Bves: 2 peaks
C030005K06Rik: 4 peaks
C030014I23Rik: 4 peaks
C030018K13Rik: 7 peaks
C030037D09Rik: 5 peaks
C130046K22Rik: 1 peaks
C130050O18Rik: 7 peaks
C1qa: 2 peaks
C1qb: 5 peaks
C1qc: 6 peaks
C1ql1: 7 peaks
C1qtnf7: 5 peaks
C230014O12Rik: 5 peaks
C230035I16Rik: 5 peaks
C230037L18Rik: 10 peaks
C230038L03Rik: 10 peaks
C330013E15Rik: 7 peaks
C4b: 3 peaks
C87436: 12 peaks
Cab39l: 12 peaks
Cachd1: 5 peaks
Cacna2d2: 21 peaks
Cacna2d4: 11 peaks
Cacng4: 11 peaks
Cacng5: 8 peaks
Cadps2: 41 peaks
Calcrl: 3 peaks
Cald1: 8 peaks
Calr: 18 peaks
Calr3: 8 peaks
Camk2d: 42 peaks
Cand2: 3 peaks
Capn11: 7 peaks
Capn3: 10 peaks
Car14: 10 peaks
Car2: 6 peaks
Car5b: 3 peaks
Car8: 2 peaks
Card6: 1 peaks
Card9: 3 peaks
Carhsp1: 5 peaks
Carns1: 8 peaks
Cartpt: 4 peaks
Caskin1: 26 peaks
Caskin2: 12 peaks
Casp1: 0 peaks
Casp8: 4 peaks
Cat: 5 peaks
Catip: 5 peaks
Cav1: 6 peaks
Cav2: 8 peaks
Cbfb: 8 peaks
Cbl: 26 peaks
Cbs: 14 peaks
Cbx4: 11 peaks
Cbx8: 8 peaks
Ccar2: 11 peaks
Ccdc107: 18 peaks
Ccdc114: 5 peaks
Ccdc13: 10 peaks
Ccdc141: 7 peaks
Ccdc15: 13 peaks
Ccdc163: 3 peaks
Ccdc173: 14 peaks
Ccdc178: 2 peaks
Ccdc18: 9 peaks
Ccdc180: 5 peaks
Ccdc186: 23 peaks
Ccdc28b: 25 peaks
Ccdc34: 13 peaks
Ccdc38: 5 peaks
Ccdc40: 6 peaks
Ccdc50: 9 peaks
Ccdc59: 4 peaks
Ccdc62: 11 peaks
Ccdc71l: 3 peaks
Ccdc74a: 7 peaks
Ccdc77: 9 peaks
Ccdc78: 7 peaks
Ccdc80: 6 peaks
Ccdc84: 16 peaks
Ccdc88b: 5 peaks
Ccdc91: 5 peaks
Ccdc92: 13 peaks
Ccdc94: 9 peaks
Ccnd1: 3 peaks
Ccnd3: 9 peaks
Ccnjl: 10 peaks
Ccp110: 20 peaks
Ccr5: 1 peaks
Ccs: 20 peaks
Cct5: 15 peaks
Cd164: 7 peaks
Cd164l2: 10 peaks
Cd180: 7 peaks
Cd200r1: 7 peaks
Cd274: 3 peaks
Cd302: 7 peaks
Cd33: 4 peaks
Cd37: 6 peaks
Cd44: 10 peaks
Cd55: 5 peaks
Cd59a: 10 peaks
Cd63: 9 peaks
Cd72: 11 peaks
Cd81: 9 peaks
Cd82: 7 peaks
Cd84: 6 peaks
Cd86: 3 peaks
Cd9: 3 peaks
Cdc14a: 5 peaks
Cdc37l1: 23 peaks
Cdc42bpg: 7 peaks
Cdc42ep1: 10 peaks
Cdc42ep2: 2 peaks
Cdc42ep4: 2 peaks
Cdc42se1: 9 peaks
Cdc5l: 20 peaks
Cdc6: 12 peaks
Cdca3: 2 peaks
Cdh13: 92 peaks
Cdh18: 28 peaks
Cdh19: 1 peaks
Cdh20: 22 peaks
Cdh9: 10 peaks
Cdhr3: 6 peaks
Cdk11b: 34 peaks
Cdk12: 38 peaks
Cdk19: 25 peaks
Cdk2ap2: 11 peaks
Cdk5rap2: 12 peaks
Cdkn1b: 5 peaks
Cdkn1c: 4 peaks
Cdpf1: 7 peaks
Cdr2: 6 peaks
Ceacam2: 5 peaks
Cebpd: 5 peaks
Cebpzos: 8 peaks
Cecr2: 7 peaks
Celrr: 3 peaks
Celsr1: 7 peaks
Cemip: 24 peaks
Cenpe: 4 peaks
Cenph: 1 peaks
Cenpt: 11 peaks
Cep112: 44 peaks
Cep128: 8 peaks
Cep68: 14 peaks
Cep72: 1 peaks
Cep85l: 18 peaks
Cep89: 22 peaks
Cercam: 7 peaks
Cers2: 17 peaks
Cfap20: 16 peaks
Cfap43: 11 peaks
Cfh: 2 peaks
Cfl2: 9 peaks
Cflar: 6 peaks
Cgnl1: 6 peaks
Chac2: 5 peaks
Chaf1a: 7 peaks
Champ1: 9 peaks
Chchd5: 8 peaks
Chd4: 40 peaks
Chd7: 14 peaks
Chgb: 28 peaks
Chil1: 8 peaks
Chmp1a: 12 peaks
Chn2: 27 peaks
Chp1: 15 peaks
Chrac1: 5 peaks
Chrdl1: 2 peaks
Chrm2: 25 peaks
Chrm4: 5 peaks
Chrna5: 3 peaks
Chst11: 15 peaks
Chst3: 6 peaks
Chst9: 9 peaks
Chsy1: 11 peaks
Cib1: 6 peaks
Cipc: 21 peaks
Cirbp: 17 peaks
Cisd1: 10 peaks
Cited4: 5 peaks
Ckb: 46 peaks
Clca3a1: 5 peaks
Clca3a2: 1 peaks
Clcf1: 4 peaks
Cldn10: 13 peaks
Cldn11: 10 peaks
Cldn14: 6 peaks
Cldn5: 2 peaks
Cldn7: 5 peaks
Clec2g: 2 peaks
Clec4a2: 1 peaks
Clic1: 7 peaks
Clic4: 6 peaks
Clmn: 19 peaks
Cln3: 11 peaks
Clp1: 6 peaks
Clpp: 16 peaks
Clspn: 7 peaks
Clta: 20 peaks
Clu: 17 peaks
Cmbl: 3 peaks
Cmc2: 9 peaks
Cmc4: 3 peaks
Cmtm3: 6 peaks
Cmtm5: 15 peaks
Cmtm8: 2 peaks
Cmya5: 16 peaks
Cnksr3: 6 peaks
Cnn3: 6 peaks
Cnp: 10 peaks
Cnppd1: 15 peaks
Cntn4: 98 peaks
Cntn5: 68 peaks
Cntn6: 22 peaks
Cntnap1: 20 peaks
Cntnap2: 109 peaks
Cntnap4: 23 peaks
Cntnap5a: 64 peaks
Cntnap5b: 38 peaks
Cntnap5c: 17 peaks
Cntrl: 19 peaks
Coa3: 6 peaks
Coa5: 9 peaks
Cobll1: 9 peaks
Col11a1: 10 peaks
Col11a2: 8 peaks
Col12a1: 10 peaks
Col14a1: 8 peaks
Col16a1: 27 peaks
Col19a1: 43 peaks
Col24a1: 13 peaks
Col27a1: 14 peaks
Col4a5: 1 peaks
Col4a6: 2 peaks
Col5a1: 25 peaks
Col5a2: 1 peaks
Col5a3: 9 peaks
Col6a1: 24 peaks
Col6a2: 8 peaks
Col6a5: 8 peaks
Col7a1: 11 peaks
Col9a2: 11 peaks
Col9a3: 7 peaks
Colec12: 3 peaks
Colgalt1: 20 peaks
Colq: 6 peaks
Commd3: 15 peaks
Commd5: 6 peaks
Commd6: 10 peaks
Commd8: 5 peaks
Comt: 24 peaks
Cope: 33 peaks
Copz2: 5 peaks
Coq5: 9 peaks
Corin: 3 peaks
Cort: 6 peaks
Cox20: 8 peaks
Cox6b2: 3 peaks
Cox7c: 4 peaks
Cp: 4 peaks
Cpe: 43 peaks
Cpeb4: 39 peaks
Cped1: 9 peaks
Cpne2: 7 peaks
Cpne6: 33 peaks
Cpox: 14 peaks
Cpsf4l: 5 peaks
Cpt1a: 7 peaks
Cpt2: 3 peaks
Cradd: 17 peaks
Creb3l2: 10 peaks
Creb5: 11 peaks
Creg1: 7 peaks
Crh: 4 peaks
Crip2: 14 peaks
Crlf1: 7 peaks
Crlf3: 9 peaks
Crot: 9 peaks
Crxos: 4 peaks
Cryab: 5 peaks
Crybb1: 7 peaks
Csdc2: 15 peaks
Csf1: 11 peaks
Csf1r: 14 peaks
Csf3r: 4 peaks
Csgalnact1: 46 peaks
Csk: 9 peaks
Csnk1d: 15 peaks
Cspg4: 13 peaks
Cspg5: 24 peaks
Csrp1: 13 peaks
Cst3: 13 peaks
Cstb: 7 peaks
Ctdsp1: 3 peaks
Cth: 3 peaks
Ctnna3: 42 peaks
Ctsa: 15 peaks
Ctsk: 4 peaks
Ctso: 5 peaks
Ctss: 6 peaks
Ctsz: 3 peaks
Cttnbp2nl: 11 peaks
Cul3: 12 peaks
Cwc25: 19 peaks
Cwf19l2: 10 peaks
Cwh43: 19 peaks
Cx3cr1: 14 peaks
Cxcl14: 12 peaks
Cxx1a: 3 peaks
Cyb5d2: 8 peaks
Cyba: 2 peaks
Cyp11a1: 19 peaks
Cyp27a1: 8 peaks
Cyp2d22: 6 peaks
Cyp2j12: 2 peaks
Cyp2j6: 4 peaks
Cyp2j9: 2 peaks
Cyp3a13: 3 peaks
Cyp4f13: 11 peaks
Cyp4f14: 2 peaks
Cyp4f15: 4 peaks
Cyp4f17: 1 peaks
Cyp4x1os: 5 peaks
Cyr61: 9 peaks
Cys1: 6 peaks
Cysltr1: 0 peaks
Cyth4: 16 peaks
D030018L15Rik: 1 peaks
D030028A08Rik: 5 peaks
D030055H07Rik: 8 peaks
D10Jhu81e: 10 peaks
D130020L05Rik: 2 peaks
D16Ertd472e: 5 peaks
D330041H03Rik: 3 peaks
D3Ertd751e: 9 peaks
D430040D24Rik: 4 peaks
D630023F18Rik: 0 peaks
D6Ertd474e: 9 peaks
D730003I15Rik: 10 peaks
D7Ertd443e: 4 peaks
D8Ertd738e: 17 peaks
D930030I03Rik: 6 peaks
D930048N14Rik: 7 peaks
Daam1: 30 peaks
Daam2: 16 peaks
Dab2: 7 peaks
Dach1: 1 peaks
Dact1: 1 peaks
Dad1: 11 peaks
Dand5: 11 peaks
Dapp1: 5 peaks
Dbi: 7 peaks
Dbp: 18 peaks
Dbpht2: 10 peaks
Dbx2: 8 peaks
Dcakd: 22 peaks
Dcc: 49 peaks
Dctpp1: 7 peaks
Dcun1d5: 6 peaks
Dcxr: 4 peaks
Ddah1: 13 peaks
Ddah2: 8 peaks
Ddc: 2 peaks
Ddhd1: 24 peaks
Ddit4: 6 peaks
Ddo: 8 peaks
Ddr1: 13 peaks
Ddr2: 4 peaks
Ddrgk1: 19 peaks
Ddx1: 26 peaks
Ddx11: 6 peaks
Ddx20: 9 peaks
Ddx3x: 13 peaks
Ddx43: 5 peaks
Ddx46: 40 peaks
Ddx47: 15 peaks
Ddx49: 13 peaks
Ddx5: 34 peaks
Ddx60: 2 peaks
Degs2: 5 peaks
Dennd1c: 0 peaks
Depdc7: 1 peaks
Dgkb: 46 peaks
Dgkk: 0 peaks
Dhcr7: 6 peaks
Dhrs13: 7 peaks
Dhrs3: 3 peaks
Dhrs4: 7 peaks
Dhrs7: 3 peaks
Dhrs7b: 5 peaks
Dhx29: 12 peaks
Dicer1: 26 peaks
Dio2: 6 peaks
Dixdc1: 22 peaks
Dkkl1: 9 peaks
Dlc1: 54 peaks
Dleu2: 13 peaks
Dlx1: 8 peaks
Dlx1as: 14 peaks
Dmc1: 10 peaks
Dmrta2: 1 peaks
Dna2: 7 peaks
Dnah12: 7 peaks
Dnah17: 8 peaks
Dnah8: 5 peaks
Dnaic2: 2 peaks
Dnajb2: 12 peaks
Dnajb6: 12 peaks
Dnajb9: 9 peaks
Dnajc21: 25 peaks
Dnajc4: 13 peaks
Dnajc9: 10 peaks
Dner: 29 peaks
Dnlz: 18 peaks
Dnmt3b: 4 peaks
Dnpep: 13 peaks
Dnttip2: 10 peaks
Dock1: 14 peaks
Dock10: 14 peaks
Dock11: 2 peaks
Dock2: 11 peaks
Dock5: 9 peaks
Dock6: 7 peaks
Dock8: 4 peaks
Dock9: 55 peaks
Dok2: 7 peaks
Dok4: 11 peaks
Dok7: 12 peaks
Dolk: 9 peaks
Dpf3: 11 peaks
Dph2: 7 peaks
Dpyd: 28 peaks
Drd1: 11 peaks
Dsc2: 4 peaks
Dsc3: 2 peaks
Dscaml1: 62 peaks
Dsg2: 5 peaks
Dsn1: 7 peaks
Dstyk: 21 peaks
Dtna: 54 peaks
Dtx3l: 4 peaks
Dubr: 3 peaks
Dusp10: 6 peaks
Dusp15: 12 peaks
Dusp16: 9 peaks
Dvl3: 11 peaks
Dynlrb1: 9 peaks
Dynlrb2: 1 peaks
Dynlt1c: 3 peaks
Dysf: 12 peaks
E130006D01Rik: 6 peaks
E130114P18Rik: 8 peaks
E130201H02Rik: 4 peaks
E330020D12Rik: 4 peaks
E330023G01Rik: 2 peaks
Eaf1: 8 peaks
Ears2: 9 peaks
Ebf1: 4 peaks
Ebi3: 5 peaks
Ebpl: 2 peaks
Ech1: 11 peaks
Echdc1: 9 peaks
Echdc2: 21 peaks
Eci1: 6 peaks
Eci2: 7 peaks
Ednra: 3 peaks
Ednrb: 3 peaks
Eef1b2: 9 peaks
Eef1e1: 7 peaks
Eef2kmt: 3 peaks
Efcab2: 10 peaks
Efhd1: 5 peaks
Efnb3: 11 peaks
Efs: 8 peaks
Egfem1: 51 peaks
Egfr: 10 peaks
Egln3: 3 peaks
Egr1: 27 peaks
Ehd4: 9 peaks
Eid1: 16 peaks
Eif2ak2: 6 peaks
Eif2b3: 14 peaks
Eif2b5: 17 peaks
Eif2s3y: 3 peaks
Eif3a: 19 peaks
Eif3i: 14 peaks
Eif3j2: 7 peaks
Eif5b: 16 peaks
Elavl3: 31 peaks
Elf1: 9 peaks
Elk3: 16 peaks
Elmo1: 64 peaks
Elmo3: 10 peaks
Elmod3: 8 peaks
Eln: 6 peaks
Elovl1: 14 peaks
Elovl5: 8 peaks
Elovl7: 10 peaks
Emc4: 16 peaks
Emc6: 12 peaks
Emid1: 7 peaks
Eml1: 35 peaks
Eml3: 12 peaks
Emp2: 3 peaks
Emx2: 4 peaks
Emx2os: 5 peaks
Endod1: 5 peaks
Endog: 10 peaks
Eng: 5 peaks
Enho: 11 peaks
Enox2: 2 peaks
Enpp1: 5 peaks
Enpp2: 28 peaks
Enpp3: 5 peaks
Enpp4: 3 peaks
Enpp6: 4 peaks
Entpd1: 12 peaks
Eogt: 7 peaks
Epas1: 6 peaks
Epb41l2: 21 peaks
Epb41l4a: 2 peaks
Epdr1: 7 peaks
Ephb1: 46 peaks
Ephx2: 15 peaks
Epm2aip1: 14 peaks
Epn2: 25 peaks
Epo: 22 peaks
Eps8: 11 peaks
Epsti1: 0 peaks
Erbb3: 6 peaks
Erbb4: 17 peaks
Ercc3: 8 peaks
Erdr1: 7 peaks
Erich6: 4 peaks
Ermn: 3 peaks
Erp29: 16 peaks
Esco2: 2 peaks
Esrrg: 44 peaks
Esyt1: 8 peaks
Etfdh: 10 peaks
Etl4: 123 peaks
Etnppl: 6 peaks
Etv1: 12 peaks
Etv4: 13 peaks
Eva1a: 7 peaks
Eva1b: 4 peaks
Evpl: 2 peaks
Exd1: 3 peaks
Eya4: 9 peaks
Ezh1: 18 peaks
Ezr: 3 peaks
F11r: 2 peaks
F13a1: 2 peaks
F3: 12 peaks
Fa2h: 9 peaks
Fabp5: 8 peaks
Fabp7: 2 peaks
Fads1: 21 peaks
Fads2: 9 peaks
Fam102a: 6 peaks
Fam105a: 23 peaks
Fam107a: 8 peaks
Fam114a1: 4 peaks
Fam114a2: 18 peaks
Fam117a: 5 peaks
Fam134b: 17 peaks
Fam13c: 36 peaks
Fam149a: 6 peaks
Fam151b: 6 peaks
Fam163a: 4 peaks
Fam166b: 4 peaks
Fam178b: 6 peaks
Fam179a: 6 peaks
Fam181a: 4 peaks
Fam195b: 12 peaks
Fam19a1: 76 peaks
Fam19a2: 59 peaks
Fam20a: 14 peaks
Fam20c: 5 peaks
Fam213a: 5 peaks
Fam214a: 30 peaks
Fam214b: 17 peaks
Fam222a: 11 peaks
Fam228a: 8 peaks
Fam228b: 11 peaks
Fam234a: 13 peaks
Fam32a: 6 peaks
Fam43a: 1 peaks
Fam46a: 3 peaks
Fam50a: 18 peaks
Fam53c: 13 peaks
Fam58b: 9 peaks
Fam63a: 8 peaks
Fam69c: 2 peaks
Fam71e1: 7 peaks
Fam72a: 3 peaks
Fam92b: 7 peaks
Fasn: 12 peaks
Fastkd3: 3 peaks
Fbln2: 11 peaks
Fbxl12os: 5 peaks
Fbxl7: 9 peaks
Fbxo16: 14 peaks
Fbxo2: 8 peaks
Fbxo30: 6 peaks
Fbxo32: 13 peaks
Fbxo47: 5 peaks
Fbxo5: 0 peaks
Fbxo7: 11 peaks
Fbxw9: 13 peaks
Fcer1g: 5 peaks
Fcgr1: 3 peaks
Fchsd2: 40 peaks
Fcor: 4 peaks
Fcrl5: 3 peaks
Fcrls: 2 peaks
Fem1c: 6 peaks
Fermt2: 26 peaks
Fermt3: 7 peaks
Fes: 5 peaks
Fgd2: 9 peaks
Fgd3: 11 peaks
Fgd6: 7 peaks
Fgf1: 12 peaks
Fgf13: 15 peaks
Fgf5: 6 peaks
Fgf7: 2 peaks
Fgfr1: 14 peaks
Fgfr3: 17 peaks
Fgfrl1: 3 peaks
Fggy: 13 peaks
Fhdc1: 4 peaks
Fhitos: 0 peaks
Fhod1: 8 peaks
Fibcd1: 4 peaks
Fibp: 14 peaks
Fign: 2 peaks
Filip1l: 9 peaks
Fjx1: 12 peaks
Fkbp10: 6 peaks
Fkbp2: 31 peaks
Fli1: 7 peaks
Flii: 13 peaks
Flrt1: 19 peaks
Flywch1: 26 peaks
Fmnl3: 8 peaks
Fmo1: 3 peaks
Fmo5: 4 peaks
Fn3k: 12 peaks
Fnbp1: 43 peaks
Folh1: 0 peaks
Fos: 16 peaks
Foxn3: 21 peaks
Foxo6: 7 peaks
Foxp2: 21 peaks
Frat2: 8 peaks
Frem1: 5 peaks
Frem2: 8 peaks
Frg1: 9 peaks
Frmd4a: 93 peaks
Frmd4b: 19 peaks
Frmd8: 8 peaks
Frmpd4: 81 peaks
Fryl: 39 peaks
Fth1: 47 peaks
Ftl1: 7 peaks
Ftsj3: 15 peaks
Fuca1: 7 peaks
Fut10: 4 peaks
Fut11: 6 peaks
Fuz: 6 peaks
Fxn: 6 peaks
Fxyd1: 8 peaks
Fyb: 5 peaks
Fyn: 29 peaks
Fzd1: 5 peaks
Fzd2: 6 peaks
G0s2: 10 peaks
G430095P16Rik: 12 peaks
G530011O06Rik: 3 peaks
G630030J09Rik: 1 peaks
G6pc3: 12 peaks
Gab1: 8 peaks
Gab2: 28 peaks
Gabarap: 9 peaks
Gabpb1: 12 peaks
Gabpb2: 17 peaks
Gabrg1: 3 peaks
Gabrg3: 71 peaks
Gabrr2: 2 peaks
Gad1: 18 peaks
Gad2: 11 peaks
Gadd45g: 11 peaks
Gal3st1: 3 peaks
Galm: 6 peaks
Galnt12: 11 peaks
Galnt14: 43 peaks
Galnt5: 2 peaks
Galnt6: 9 peaks
Galnt7: 17 peaks
Galntl6: 77 peaks
Gamt: 3 peaks
Gapdhs: 3 peaks
Garnl3: 72 peaks
Gart: 13 peaks
Gas1: 8 peaks
Gas6: 27 peaks
Gatad2a: 13 peaks
Gatm: 10 peaks
Gbp3: 0 peaks
Gbp7: 2 peaks
Gbp8: 1 peaks
Gcc1: 6 peaks
Gcnt1: 1 peaks
Gde1: 18 peaks
Gdf11: 1 peaks
Gdf9: 5 peaks
Gdpd2: 2 peaks
Gfap: 10 peaks
Gfer: 8 peaks
Ggact: 11 peaks
Ggh: 2 peaks
Ggt1: 2 peaks
Ggt5: 1 peaks
Ggta1: 8 peaks
Ghr: 8 peaks
Gipr: 6 peaks
Git1: 15 peaks
Gja1: 4 peaks
Gjb6: 7 peaks
Gjc2: 3 peaks
Gjc3: 6 peaks
Gkap1: 13 peaks
Gla: 3 peaks
Gldc: 5 peaks
Gli1: 8 peaks
Gli3: 10 peaks
Glis3: 24 peaks
Glmp: 10 peaks
Glns-ps1: 1 peaks
Glrx5: 9 peaks
Glt8d1: 20 peaks
Gltp: 8 peaks
Gltscr1: 8 peaks
Glud1: 13 peaks
Glul: 18 peaks
Gm10130: 2 peaks
Gm10138: 4 peaks
Gm10260: 4 peaks
Gm10271: 3 peaks
Gm10288: 4 peaks
Gm10293: 2 peaks
Gm10371: 4 peaks
Gm10524: 8 peaks
Gm10561: 4 peaks
Gm10570: 7 peaks
Gm10689: 3 peaks
Gm10717: 0 peaks
Gm10723: 9 peaks
Gm10766: 6 peaks
Gm10863: 14 peaks
Gm11260: 5 peaks
Gm11266: 11 peaks
Gm11281: 4 peaks
Gm11410: 1 peaks
Gm11465: 6 peaks
Gm11520: 4 peaks
Gm11605: 2 peaks
Gm11627: 3 peaks
Gm11734: 4 peaks
Gm11751: 4 peaks
Gm11841: 5 peaks
Gm11944: 6 peaks
Gm12072: 2 peaks
Gm12092: 5 peaks
Gm12109: 7 peaks
Gm12147: 3 peaks
Gm12153: 5 peaks
Gm12184: 4 peaks
Gm12185: 2 peaks
Gm12239: 6 peaks
Gm12258: 12 peaks
Gm12324: 7 peaks
Gm12326: 3 peaks
Gm12328: 0 peaks
Gm12341: 5 peaks
Gm12355: 4 peaks
Gm12389: 6 peaks
Gm12426: 13 peaks
Gm12472: 7 peaks
Gm12565: 3 peaks
Gm12618: 4 peaks
Gm12630: 3 peaks
Gm12663: 1 peaks
Gm12689: 7 peaks
Gm12728: 2 peaks
Gm12990: 3 peaks
Gm13031: 9 peaks
Gm13047: 4 peaks
Gm13094: 4 peaks
Gm13110: 9 peaks
Gm13184: 3 peaks
Gm13202: 5 peaks
Gm13266: 4 peaks
Gm13322: 2 peaks
Gm13340: 0 peaks
Gm13341: 3 peaks
Gm13483: 12 peaks
Gm13623: 5 peaks
Gm13880: 2 peaks
Gm13886: 3 peaks
Gm13889: 6 peaks
Gm13910: 0 peaks
Gm14004: 5 peaks
Gm14005: 9 peaks
Gm14023: 6 peaks
Gm14120: 5 peaks
Gm14204: 11 peaks
Gm14253: 3 peaks
Gm14295: 0 peaks
Gm14441: 2 peaks
Gm14448: 0 peaks
Gm14507: 8 peaks
Gm14508: 9 peaks
Gm14597: 1 peaks
Gm14717: 0 peaks
Gm14824: 3 peaks
Gm14966: 12 peaks
Gm15013: 2 peaks
Gm15286: 2 peaks
Gm15347: 3 peaks
Gm15351: 9 peaks
Gm15385: 4 peaks
Gm15417: 9 peaks
Gm15440: 16 peaks
Gm15446: 1 peaks
Gm15496: 4 peaks
Gm15663: 1 peaks
Gm15682: 3 peaks
Gm15689: 3 peaks
Gm15697: 6 peaks
Gm15728: 6 peaks
Gm15816: 6 peaks
Gm15843: 6 peaks
Gm15850: 9 peaks
Gm15870: 11 peaks
Gm16033: 7 peaks
Gm1604a: 5 peaks
Gm16062: 4 peaks
Gm16070: 4 peaks
Gm16148: 3 peaks
Gm16156: 3 peaks
Gm16168: 20 peaks
Gm16201: 5 peaks
Gm16230: 7 peaks
Gm16343: 3 peaks
Gm16365: 1 peaks
Gm16433: 10 peaks
Gm16537: 7 peaks
Gm16582: 3 peaks
Gm16596: 13 peaks
Gm16618: 9 peaks
Gm16702: 4 peaks
Gm16973: 4 peaks
Gm16984: 2 peaks
Gm17275: 4 peaks
Gm17305: 8 peaks
Gm17597: 7 peaks
Gm17661: 4 peaks
Gm17690: 4 peaks
Gm17750: 2 peaks
Gm17767: 6 peaks
Gm18284: 1 peaks
Gm18775: 1 peaks
Gm18821: 1 peaks
Gm19265: 5 peaks
Gm19461: 3 peaks
Gm1947: 3 peaks
Gm19585: 1 peaks
Gm20036: 1 peaks
Gm20257: 2 peaks
Gm20379: 5 peaks
Gm20458: 4 peaks
Gm20492: 9 peaks
Gm20515: 5 peaks
Gm20539: 5 peaks
Gm20541: 0 peaks
Gm20594: 1 peaks
Gm2061: 4 peaks
Gm20635: 3 peaks
Gm20708: 8 peaks
Gm20713: 0 peaks
Gm20743: 4 peaks
Gm20757: 2 peaks
Gm2115: 10 peaks
Gm21168: 4 peaks
Gm21984: 5 peaks
Gm2199: 5 peaks
Gm2245: 4 peaks
Gm23431: 0 peaks
Gm23935: 13 peaks
Gm26510: 6 peaks
Gm26512: 1 peaks
Gm26520: 5 peaks
Gm26532: 10 peaks
Gm26533: 3 peaks
Gm26534: 4 peaks
Gm26538: 3 peaks
Gm26542: 9 peaks
Gm26577: 6 peaks
Gm26586: 1 peaks
Gm266: 6 peaks
Gm26641: 4 peaks
Gm26660: 9 peaks
Gm26700: 1 peaks
Gm26703: 5 peaks
Gm26719: 2 peaks
Gm26740: 2 peaks
Gm26756: 4 peaks
Gm26779: 2 peaks
Gm26789: 5 peaks
Gm26799: 6 peaks
Gm26815: 3 peaks
Gm26821: 4 peaks
Gm26843: 18 peaks
Gm26853: 1 peaks
Gm26862: 3 peaks
Gm26870: 1 peaks
Gm26908: 4 peaks
Gm26910: 6 peaks
Gm26916: 2 peaks
Gm26917: 1 peaks
Gm26965: 3 peaks
Gm27021: 9 peaks
Gm27027: 7 peaks
Gm27038: 2 peaks
Gm27184: 0 peaks
Gm27247: 17 peaks
Gm28037: 1 peaks
Gm28077: 3 peaks
Gm28498: 3 peaks
Gm28609: 9 peaks
Gm28756: 0 peaks
Gm2885: 4 peaks
Gm2895: 5 peaks
Gm28959: 7 peaks
Gm28982: 3 peaks
Gm29242: 0 peaks
Gm29257: 4 peaks
Gm29394: 7 peaks
Gm29521: 4 peaks
Gm29755: 0 peaks
Gm2a: 9 peaks
Gm3002: 0 peaks
Gm30097: 2 peaks
Gm30238: 7 peaks
Gm3248: 0 peaks
Gm32950: 3 peaks
Gm33366: 7 peaks
Gm36070: 5 peaks
Gm3608: 4 peaks
Gm36266: 8 peaks
Gm3667: 0 peaks
Gm37108: 1 peaks
Gm37168: 5 peaks
Gm37181: 2 peaks
Gm37305: 3 peaks
Gm37324: 1 peaks
Gm3739: 0 peaks
Gm37621: 4 peaks
Gm3764: 63 peaks
Gm37795: 5 peaks
Gm37799: 7 peaks
Gm37876: 2 peaks
Gm37885: 3 peaks
Gm38256: 4 peaks
Gm38300: 4 peaks
Gm38343: 3 peaks
Gm38399: 17 peaks
Gm4221: 10 peaks
Gm42644: 4 peaks
Gm42727: 7 peaks
Gm42741: 14 peaks
Gm42878: 3 peaks
Gm43191: 3 peaks
Gm43254: 4 peaks
Gm43290: 3 peaks
Gm43299: 0 peaks
Gm43477: 7 peaks
Gm4349: 6 peaks
Gm43570: 5 peaks
Gm43625: 5 peaks
Gm43655: 0 peaks
Gm43666: 4 peaks
Gm43684: 9 peaks
Gm43757: 3 peaks
Gm43808: 2 peaks
Gm43821: 3 peaks
Gm43823: 5 peaks
Gm43848: 4 peaks
Gm43860: 2 peaks
Gm4491: 3 peaks
Gm4779: 3 peaks
Gm4876: 21 peaks
Gm4959: 1 peaks
Gm5067: 4 peaks
Gm5089: 5 peaks
Gm5210: 1 peaks
Gm5525: 0 peaks
Gm5535: 6 peaks
Gm5552: 3 peaks
Gm5601: 1 peaks
Gm5607: 14 peaks
Gm5617: 3 peaks
Gm5687: 8 peaks
Gm5764: 2 peaks
Gm5786: 2 peaks
Gm5805: 9 peaks
Gm5812: 5 peaks
Gm5834: 1 peaks
Gm5835: 1 peaks
Gm5873: 1 peaks
Gm6023: 2 peaks
Gm6089: 0 peaks
Gm6185: 3 peaks
Gm6263: 2 peaks
Gm6297: 4 peaks
Gm6345: 8 peaks
Gm6444: 6 peaks
Gm6548: 2 peaks
Gm6743: 0 peaks
Gm6939: 2 peaks
Gm6977: 0 peaks
Gm7205: 2 peaks
Gm7516: 1 peaks
Gm7589: 5 peaks
Gm7599: 8 peaks
Gm7933: 5 peaks
Gm7967: 1 peaks
Gm805: 6 peaks
Gm8062: 4 peaks
Gm8066: 7 peaks
Gm8113: 2 peaks
Gm816: 2 peaks
Gm8237: 0 peaks
Gm8292: 2 peaks
Gm8302: 5 peaks
Gm8488: 1 peaks
Gm8756: 6 peaks
Gm8816: 0 peaks
Gm8826: 2 peaks
Gm9083: 1 peaks
Gm9392: 2 peaks
Gm9484: 1 peaks
Gm9670: 3 peaks
Gm973: 7 peaks
Gm9750: 10 peaks
Gm9800: 1 peaks
Gm9840: 8 peaks
Gm9884: 2 peaks
Gm9925: 14 peaks
Gm9930: 3 peaks
Gm9996: 2 peaks
Gmeb2: 16 peaks
Gmpr2: 14 peaks
Gna12: 14 peaks
Gna15: 9 peaks
Gnai2: 12 peaks
Gnao1: 72 peaks
Gnb1: 28 peaks
Gnb4: 18 peaks
Gng11: 2 peaks
Gng5: 1 peaks
Gngt2: 1 peaks
Gnl1: 15 peaks
Golga1: 19 peaks
Golm1: 13 peaks
Gp1bb: 10 peaks
Gp5: 3 peaks
Gpaa1: 15 peaks
Gpam: 4 peaks
Gpatch1: 17 peaks
Gpatch11: 10 peaks
Gpatch2: 22 peaks
Gpc5: 51 peaks
Gpc6: 84 peaks
Gpd2: 10 peaks
Gpld1: 14 peaks
Gpr156: 6 peaks
Gpr17: 5 peaks
Gpr176: 18 peaks
Gpr183: 3 peaks
Gpr34: 4 peaks
Gpr37: 2 peaks
Gpr37l1: 14 peaks
Gpr89: 15 peaks
Gprc5b: 5 peaks
Gpt: 12 peaks
Gpx1: 5 peaks
Gramd3: 9 peaks
Grb14: 17 peaks
Greb1: 9 peaks
Gria1: 97 peaks
Grid2: 51 peaks
Grik1: 27 peaks
Grik3: 52 peaks
Grin2c: 20 peaks
Grin3a: 14 peaks
Grip1: 58 peaks
Grip1os1: 1 peaks
Grm3: 54 peaks
Grm8: 54 peaks
Grn: 13 peaks
Grtp1: 1 peaks
Gsap: 10 peaks
Gsdmd: 3 peaks
Gsn: 6 peaks
Gstcd: 9 peaks
Gstm1: 16 peaks
Gstm4: 4 peaks
Gstm5: 16 peaks
Gstm7: 7 peaks
Gstp1: 22 peaks
Gstt2: 8 peaks
Gt(ROSA)26Sor: 15 peaks
Gtf2f1: 15 peaks
Gtf3c4: 3 peaks
Gtf3c6: 8 peaks
Gtpbp1: 15 peaks
Gulp1: 1 peaks
H1f0: 6 peaks
H2-D1: 9 peaks
H2-K1: 9 peaks
H2-K2: 5 peaks
H2-T24: 9 peaks
H2afy: 21 peaks
H3f3a: 8 peaks
Hap1: 20 peaks
Hapln1: 3 peaks
Hapln2: 11 peaks
Harbi1: 6 peaks
Has3: 7 peaks
Hat1: 11 peaks
Haus4: 7 peaks
Haus7: 4 peaks
Havcr2: 6 peaks
Hbegf: 6 peaks
Hbp1: 11 peaks
Hck: 6 peaks
Hcls1: 4 peaks
Hcn2: 12 peaks
Hdac10: 20 peaks
Hdac5: 26 peaks
Hddc2: 7 peaks
Hddc3: 9 peaks
Hepacam: 13 peaks
Hes1: 16 peaks
Hes5: 17 peaks
Hes6: 5 peaks
Hexb: 14 peaks
Hexim2: 4 peaks
Hhatl: 10 peaks
Hhip: 2 peaks
Hhipl1: 11 peaks
Hibadh: 10 peaks
Hif3a: 5 peaks
Hint1: 14 peaks
Hip1: 18 peaks
Hipk2: 28 peaks
Hist1h1c: 12 peaks
Hist1h1e: 9 peaks
Hist1h2bc: 8 peaks
Hist1h2be: 15 peaks
Hk1os: 4 peaks
Hk2: 4 peaks
Hk3: 5 peaks
Hltf: 8 peaks
Hmcn2: 11 peaks
Hmg20b: 19 peaks
Hmgb2: 1 peaks
Hmgb3: 2 peaks
Hmgn3: 25 peaks
Hnrnpa2b1: 32 peaks
Hoga1: 9 peaks
Homer3: 12 peaks
Hopx: 3 peaks
Hormad2: 2 peaks
Hpgd: 5 peaks
Hpgds: 1 peaks
Hr: 15 peaks
Hrasls: 6 peaks
Hs3st1: 10 peaks
Hs3st4: 53 peaks
Hs6st3: 116 peaks
Hsd17b11: 10 peaks
Hsp90ab1: 25 peaks
Hsp90b1: 26 peaks
Hspa5: 11 peaks
Hspe1: 6 peaks
Hspg2: 5 peaks
Htatsf1: 5 peaks
Htr1d: 2 peaks
Htr3a: 10 peaks
Htra1: 14 peaks
Htra3: 2 peaks
Hus1: 2 peaks
Hvcn1: 4 peaks
Hyi: 17 peaks
Hyou1: 8 peaks
Icam1: 4 peaks
Ice2: 7 peaks
Ick: 14 peaks
Id1: 6 peaks
Id2: 23 peaks
Id3: 14 peaks
Id4: 4 peaks
Idh1: 8 peaks
Idh2: 12 peaks
Idua: 6 peaks
Ier2: 11 peaks
Ier3: 7 peaks
Iffo1: 19 peaks
Ifi27: 11 peaks
Ifih1: 7 peaks
Ifngr1: 1 peaks
Ift20: 31 peaks
Ift27: 11 peaks
Ift52: 16 peaks
Igbp1: 5 peaks
Igf1: 5 peaks
Igfbp2: 4 peaks
Igfn1: 26 peaks
Ighm: 11 peaks
Ighmbp2: 7 peaks
Igsf11: 38 peaks
Igsf21: 31 peaks
Igsf6: 2 peaks
Igsf8: 34 peaks
Ikzf1: 5 peaks
Ikzf2: 5 peaks
Il10ra: 4 peaks
Il10rb: 3 peaks
Il15: 0 peaks
Il16: 3 peaks
Il17rc: 4 peaks
Il18: 16 peaks
Il18bp: 7 peaks
Il1a: 6 peaks
Il1r1: 1 peaks
Il1rapl2: 24 peaks
Il33: 4 peaks
Il4ra: 3 peaks
Il6st: 6 peaks
Ildr1: 1 peaks
Ilk: 9 peaks
Imp3: 8 peaks
Impg2: 4 peaks
Ing1: 9 peaks
Ing2: 16 peaks
Ino80b: 9 peaks
Ino80e: 10 peaks
Inpp4b: 20 peaks
Inpp5b: 27 peaks
Inpp5d: 12 peaks
Insc: 2 peaks
Insig1: 5 peaks
Ints12: 8 peaks
Ints4: 11 peaks
Ints5: 11 peaks
Ints8: 14 peaks
Invs: 16 peaks
Ip6k1: 40 peaks
Ip6k2: 22 peaks
Iqca: 4 peaks
Iqgap2: 50 peaks
Irak1: 13 peaks
Irak2: 12 peaks
Irak4: 5 peaks
Irf3: 13 peaks
Irf5: 4 peaks
Irgm1: 4 peaks
Irgm2: 2 peaks
Irgq: 8 peaks
Ism1: 3 peaks
Isoc2a: 6 peaks
Itga6: 10 peaks
Itga7: 9 peaks
Itga9: 13 peaks
Itgb5: 8 peaks
Itgb8: 12 peaks
Itih3: 6 peaks
Itih5: 4 peaks
Itm2a: 0 peaks
Itm2b: 20 peaks
Itm2c: 24 peaks
Itpkb: 6 peaks
Itpr2: 17 peaks
Itsn2: 26 peaks
Ivd: 19 peaks
Ivns1abp: 24 peaks
Jagn1: 13 peaks
Jak3: 3 peaks
Jam2: 4 peaks
Jkamp: 11 peaks
Jmjd4: 7 peaks
Josd2: 25 peaks
Jrk: 9 peaks
Jrkl: 3 peaks
Jtb: 17 peaks
Jun: 6 peaks
Jup: 7 peaks
K230010J24Rik: 9 peaks
Kank1: 11 peaks
Kansl1l: 16 peaks
Kat2b: 4 peaks
Kat7: 12 peaks
Kazn: 21 peaks
Kcnab3: 20 peaks
Kcnc1: 28 peaks
Kcnc2: 35 peaks
Kcnd1: 4 peaks
Kcnd3os: 6 peaks
Kcne1: 5 peaks
Kcnh8: 6 peaks
Kcnip1: 31 peaks
Kcnj10: 15 peaks
Kcnj16: 3 peaks
Kcnk1: 18 peaks
Kcnk13: 9 peaks
Kcnk6: 9 peaks
Kcnmb2: 22 peaks
Kcnn1: 6 peaks
Kcnq5: 90 peaks
Kcns3: 9 peaks
Kctd12: 6 peaks
Kctd13: 4 peaks
Kctd14: 4 peaks
Kctd3: 15 peaks
Kctd4: 10 peaks
Kctd5: 8 peaks
Kdelr2: 6 peaks
Kdm6a: 8 peaks
Kdr: 2 peaks
Khnyn: 8 peaks
Kif13a: 21 peaks
Kif19a: 4 peaks
Kif6: 11 peaks
Kif7: 4 peaks
Kifc3: 11 peaks
Kirrel2: 8 peaks
Kirrel3: 106 peaks
Kit: 8 peaks
Klf13: 16 peaks
Klf15: 17 peaks
Klf3: 6 peaks
Klhdc7a: 6 peaks
Klhdc8a: 9 peaks
Klhl13: 1 peaks
Klhl24: 15 peaks
Klhl25: 8 peaks
Klhl42: 7 peaks
Klhl9: 1 peaks
Kndc1: 28 peaks
Knop1: 13 peaks
Kpna2: 1 peaks
Krcc1: 5 peaks
Krt77: 7 peaks
Kxd1: 12 peaks
Kynu: 2 peaks
Lacc1: 12 peaks
Lactb: 17 peaks
Lactb2: 8 peaks
Lad1: 5 peaks
Lair1: 5 peaks
Lama1: 4 peaks
Lama2: 17 peaks
Lama3: 14 peaks
Lama5: 10 peaks
Lamb2: 0 peaks
Lamp1: 14 peaks
Lap3: 6 peaks
Laptm5: 3 peaks
Las1l: 12 peaks
Lbh: 4 peaks
Lbr: 7 peaks
Lcat: 6 peaks
Lcmt1: 21 peaks
Lcp1: 7 peaks
Lcp2: 2 peaks
Ldhb: 16 peaks
Letm2: 23 peaks
Lfng: 12 peaks
Lgals1: 5 peaks
Lgals3bp: 5 peaks
Lgals4: 9 peaks
Lgals9: 1 peaks
Lgi3: 26 peaks
Lgi4: 11 peaks
Lgmn: 18 peaks
Lgr6: 11 peaks
Lhcgr: 2 peaks
Lhfpl2: 7 peaks
Lhfpl3: 27 peaks
Lhx6: 7 peaks
Lig1: 5 peaks
Lig3: 12 peaks
Lima1: 12 peaks
Limch1: 60 peaks
Limd1: 5 peaks
Lims2: 6 peaks
Lipc: 9 peaks
Lipk: 0 peaks
Litaf: 11 peaks
Lix1l: 9 peaks
Lmcd1: 7 peaks
Lmf1: 16 peaks
Lmf2: 6 peaks
Lmo2: 9 peaks
Lonp1: 21 peaks
Lonrf3: 1 peaks
Lor: 0 peaks
Loxl3: 4 peaks
Lpar1: 10 peaks
Lpar3: 3 peaks
Lpar6: 14 peaks
Lpcat2: 11 peaks
Lpp: 21 peaks
Lppos: 5 peaks
Lpxn: 2 peaks
Lrch1: 38 peaks
Lrig1: 10 peaks
Lrmp: 5 peaks
Lrp10: 9 peaks
Lrp2bp: 7 peaks
Lrp4: 8 peaks
Lrp5: 7 peaks
Lrp8os3: 7 peaks
Lrrc1: 6 peaks
Lrrc17: 7 peaks
Lrrc32: 5 peaks
Lrrc4: 33 peaks
Lrrc4b: 14 peaks
Lrrc4c: 111 peaks
Lrrc75aos2: 3 peaks
Lrriq3: 4 peaks
Lrrk1: 3 peaks
Lsm2: 3 peaks
Lsm4: 10 peaks
Lsm6: 5 peaks
Lsm8: 9 peaks
Lsp1: 6 peaks
Ltbp1: 15 peaks
Ltbp3: 21 peaks
Ltc4s: 7 peaks
Luzp2: 27 peaks
Lxn: 1 peaks
Ly6a: 2 peaks
Ly6c1: 2 peaks
Ly86: 6 peaks
Lyl1: 12 peaks
Lyn: 7 peaks
Lypd1: 12 peaks
Lypd6: 8 peaks
Lzts2: 7 peaks
M5C1000I18Rik: 4 peaks
Maf: 13 peaks
Maf1: 15 peaks
Mafb: 2 peaks
Mafk: 2 peaks
Mag: 17 peaks
Mageh1: 3 peaks
Magoh: 9 peaks
Magt1: 4 peaks
Mal: 10 peaks
Maml2: 11 peaks
Maml3: 42 peaks
Man1a: 21 peaks
Map10: 2 peaks
Map1a: 16 peaks
Map1s: 12 peaks
Map3k1: 4 peaks
Map3k14: 12 peaks
Map3k6: 7 peaks
Map4: 27 peaks
Map4k4: 30 peaks
Map6d1: 9 peaks
Map7: 40 peaks
Map9: 19 peaks
Mapk15: 5 peaks
Mapk1ip1: 21 peaks
Mapk3: 8 peaks
Mapkapk3: 6 peaks
Marcks: 8 peaks
Marveld2: 4 peaks
Masp1: 8 peaks
Mastl: 6 peaks
Mat2a: 33 peaks
Matn4: 4 peaks
Mavs: 4 peaks
Mbd4: 10 peaks
Mbnl1: 15 peaks
Mboat1: 8 peaks
Mbp: 59 peaks
Mcam: 8 peaks
Mcee: 11 peaks
Mcm2: 6 peaks
Mcm6: 4 peaks
Mcm7: 9 peaks
Mcm8: 2 peaks
Mcmbp: 17 peaks
Mctp1: 58 peaks
Mcur1: 11 peaks
Mdc1: 6 peaks
Mdfic: 1 peaks
Mdga1: 12 peaks
Med12: 4 peaks
Med21: 9 peaks
Med28: 7 peaks
Med29: 4 peaks
Med8: 14 peaks
Mef2a: 39 peaks
Megf10: 8 peaks
Megf11: 23 peaks
Meis1: 3 peaks
Meis2: 39 peaks
Mertk: 9 peaks
Metap1d: 33 peaks
Metrn: 6 peaks
Mettl14: 11 peaks
Mettl5os: 4 peaks
Mex3a: 10 peaks
Mex3d: 8 peaks
Mfap2: 9 peaks
Mfap3: 15 peaks
Mfge8: 14 peaks
Mfsd11: 19 peaks
Mfsd2a: 5 peaks
Mfsd3: 4 peaks
Mfsd5: 7 peaks
Mfsd9: 3 peaks
Mgat1: 6 peaks
Mgat4c: 31 peaks
Mgll: 53 peaks
Mgme1: 10 peaks
Mgmt: 3 peaks
Mgp: 6 peaks
Mical1: 5 peaks
Micall1: 21 peaks
Micall2: 3 peaks
Mid1ip1: 4 peaks
Mien1: 14 peaks
Mier3: 9 peaks
Mif4gd: 14 peaks
Miip: 11 peaks
Mill2: 3 peaks
Mir142hg: 2 peaks
Mir219a-2: 13 peaks
Mir344f: 1 peaks
Mir344i: 2 peaks
Mir431: 6 peaks
Mir6390: 4 peaks
Mir99ahg: 57 peaks
Mis18bp1: 3 peaks
Mki67: 3 peaks
Mknk1: 11 peaks
Mks1: 6 peaks
Mlc1: 11 peaks
Mlf1: 1 peaks
Mlx: 21 peaks
Mlxipl: 6 peaks
Mmd2: 14 peaks
Mmel1: 8 peaks
Mmgt1: 4 peaks
Mmp2: 2 peaks
Mmrn2: 3 peaks
Mms22l: 5 peaks
Mns1: 2 peaks
Mob3b: 5 peaks
Mobp: 38 peaks
Mocs1: 5 peaks
Mog: 8 peaks
Morc3: 16 peaks
Mospd1: 1 peaks
Moxd1: 7 peaks
Mpc2: 11 peaks
Mpeg1: 3 peaks
Mpp4: 2 peaks
Mpp5: 6 peaks
Mpv17: 10 peaks
Mpv17l2: 5 peaks
Mpzl1: 6 peaks
Mr1: 7 peaks
Mro: 8 peaks
Mroh3: 9 peaks
Mrpl18: 8 peaks
Mrpl21: 14 peaks
Mrpl22: 9 peaks
Mrpl23-ps1: 3 peaks
Mrpl36: 5 peaks
Mrpl43: 4 peaks
Mrpl45: 12 peaks
Mrpl50: 1 peaks
Mrpl52: 11 peaks
Mrpl53: 17 peaks
Mrpl55: 13 peaks
Mrps11: 8 peaks
Mrps14: 12 peaks
Mrps18c: 4 peaks
Mrps24: 14 peaks
Mrvi1: 3 peaks
Ms4a6b: 0 peaks
Msantd4: 4 peaks
Msh6: 5 peaks
Msi2: 45 peaks
Msmo1: 11 peaks
Msn: 1 peaks
Mt1: 22 peaks
Mt2: 15 peaks
Mt3: 22 peaks
Mterf4: 6 peaks
Mtfr1: 3 peaks
Mthfd2l: 3 peaks
Mtif3: 7 peaks
Mtmr11: 7 peaks
Mtrr: 4 peaks
Mtss1: 18 peaks
Mtss1l: 9 peaks
Mtus1: 9 peaks
Mum1: 13 peaks
Mutyh: 4 peaks
Mvb12a: 20 peaks
Mvb12b: 17 peaks
Mvd: 14 peaks
Mvk: 15 peaks
Mvp: 3 peaks
Mx2: 4 peaks
Mxd3: 9 peaks
Mxra7: 7 peaks
Myadml2os: 4 peaks
Mybpc1: 1 peaks
Mycbpap: 12 peaks
Mydgf: 11 peaks
Myh15: 4 peaks
Myl1: 3 peaks
Mylpf: 4 peaks
Myo10: 10 peaks
Myo18b: 19 peaks
Myo1f: 2 peaks
Myo6: 18 peaks
Myrf: 10 peaks
Mzt2: 7 peaks
N4bp3: 8 peaks
Naa16: 16 peaks
Naaa: 10 peaks
Naga: 10 peaks
Naip2: 0 peaks
Nans: 7 peaks
Naprt: 7 peaks
Ncapd3: 34 peaks
Ncf1: 4 peaks
Ncf2: 8 peaks
Ncf4: 5 peaks
Nckap1l: 5 peaks
Nckap5: 34 peaks
Ncl: 21 peaks
Ndc1: 7 peaks
Ndnf: 5 peaks
Ndrg1: 8 peaks
Ndrg2: 13 peaks
Ndufa10: 32 peaks
Ndufa12: 14 peaks
Ndufa8: 13 peaks
Ndufaf2: 20 peaks
Ndufb11: 7 peaks
Ndufc1: 10 peaks
Ndufs7: 21 peaks
Ndufv3: 8 peaks
Neat1: 17 peaks
Necab2: 18 peaks
Necap2: 13 peaks
Nedd1: 0 peaks
Nefh: 5 peaks
Nek3: 8 peaks
Nek5: 3 peaks
Nek7: 8 peaks
Nell1: 64 peaks
Nemf: 25 peaks
Nenf: 11 peaks
Nespas: 3 peaks
Neu4: 5 peaks
Neurod6: 22 peaks
Nfasc: 66 peaks
Nfatc1: 5 peaks
Nfatc2ip: 4 peaks
Nfe2l2: 3 peaks
Nfe2l3: 5 peaks
Nfia: 41 peaks
Nfix: 37 peaks
Nfkb2: 2 peaks
Nfkbia: 5 peaks
Nfkbiz: 8 peaks
Ngdn: 12 peaks
Nhlrc1: 4 peaks
Nhp2: 7 peaks
Nhsl1: 6 peaks
Nicn1: 16 peaks
Nid1: 2 peaks
Nim1k: 8 peaks
Ninj1: 8 peaks
Ninj2: 6 peaks
Nipal2: 14 peaks
Nipal4: 6 peaks
Nkain1: 3 peaks
Nkain3: 23 peaks
Nkapl: 6 peaks
Nkd1: 5 peaks
Nkx2-2: 5 peaks
Nkx6-2: 7 peaks
Nlrc4: 6 peaks
Nlrp1b: 5 peaks
Nlrp1c-ps: 3 peaks
Nlrp3: 5 peaks
Nmbr: 1 peaks
Nme7: 19 peaks
Nmrk1: 3 peaks
Nnat: 13 peaks
Nod1: 5 peaks
Nol7: 13 peaks
Nop14: 17 peaks
Nosip: 11 peaks
Notch1: 14 peaks
Notch2: 9 peaks
Notch3: 4 peaks
Nox1: 4 peaks
Noxo1: 11 peaks
Npas1: 10 peaks
Npas3: 60 peaks
Npas4: 23 peaks
Npc1: 17 peaks
Npc2: 4 peaks
Npepl1: 5 peaks
Nphs1: 6 peaks
Npm2: 8 peaks
Npnt: 11 peaks
Npr1: 4 peaks
Npy: 10 peaks
Nr1i2: 2 peaks
Nr2c2ap: 12 peaks
Nr2e1: 6 peaks
Nr2f2: 2 peaks
Nr3c1: 39 peaks
Nr4a1: 39 peaks
Nr4a2: 12 peaks
Nrap: 5 peaks
Nrarp: 5 peaks
Nrbp2: 33 peaks
Nrip1: 12 peaks
Nrn1l: 3 peaks
Nrp1: 32 peaks
Nrp2: 15 peaks
Nrros: 7 peaks
Nrtn: 4 peaks
Nsdhl: 7 peaks
Nsmce1: 9 peaks
Nsun4: 7 peaks
Ntan1: 14 peaks
Ntn4: 10 peaks
Ntng1: 37 peaks
Ntng2: 29 peaks
Ntpcr: 7 peaks
Ntsr1: 7 peaks
Ntsr2: 20 peaks
Nuak1: 25 peaks
Nub1: 19 peaks
Nubp1: 14 peaks
Nubp2: 8 peaks
Nudt19: 6 peaks
Nudt22: 11 peaks
Nudt4: 18 peaks
Nup50: 15 peaks
Nupr1: 3 peaks
Nwd1: 10 peaks
Nxn: 15 peaks
Nxph1: 24 peaks
Nynrin: 4 peaks
Oaf: 5 peaks
Oard1: 5 peaks
Oasl2: 2 peaks
Oaz1: 14 peaks
Obscn: 7 peaks
Ofd1: 15 peaks
Olah: 13 peaks
Olfm3: 11 peaks
Olfml1: 4 peaks
Olfml2a: 2 peaks
Olfml3: 3 peaks
Olig1: 12 peaks
Olig2: 6 peaks
Omg: 16 peaks
Opalin: 8 peaks
Oplah: 12 peaks
Oprk1: 3 peaks
Optn: 7 peaks
Orai1: 5 peaks
Orai2: 7 peaks
Ormdl2: 3 peaks
Ormdl3: 11 peaks
Os9: 26 peaks
Osr1: 1 peaks
Ostf1: 3 peaks
Otof: 18 peaks
Otud5: 19 peaks
Otud7b: 30 peaks
Otx1: 4 peaks
P2ry12: 7 peaks
P2ry6: 5 peaks
P3h2: 11 peaks
P3h3: 24 peaks
P3h4: 9 peaks
P4hb: 10 peaks
Pacs2: 18 peaks
Pacsin3: 16 peaks
Padi2: 6 peaks
Pafah2: 14 peaks
Pag1: 19 peaks
Pald1: 7 peaks
Palld: 12 peaks
Palm2: 29 peaks
Pamr1: 39 peaks
Pantr2: 12 peaks
Paox: 2 peaks
Papss2: 5 peaks
Paqr6: 10 peaks
Paqr7: 15 peaks
Paqr8: 14 peaks
Pard3: 27 peaks
Pard3b: 14 peaks
Parm1: 17 peaks
Parn: 13 peaks
Parp10: 4 peaks
Parp12: 7 peaks
Parp3: 5 peaks
Parp4: 1 peaks
Parp8: 14 peaks
Pars2: 5 peaks
Parvb: 11 peaks
Parvg: 5 peaks
Patz1: 11 peaks
Pax6: 3 peaks
Pbx3: 14 peaks
Pbxip1: 12 peaks
Pcca: 21 peaks
Pcdh11x: 8 peaks
Pcdh15: 92 peaks
Pcdh17: 9 peaks
Pcnt: 18 peaks
Pcp4l1: 3 peaks
Pcsk4: 5 peaks
Pcsk6: 9 peaks
Pcyt2: 25 peaks
Pdcd5: 11 peaks
Pdcd6: 12 peaks
Pdcd6ip: 12 peaks
Pde11a: 14 peaks
Pde1c: 12 peaks
Pde3a: 3 peaks
Pde4b: 97 peaks
Pde5a: 6 peaks
Pde6c: 4 peaks
Pde6h: 5 peaks
Pde8a: 10 peaks
Pdgfd: 1 peaks
Pdgfra: 3 peaks
Pdgfrb: 13 peaks
Pdha1: 3 peaks
Pdlim2: 5 peaks
Pdlim4: 9 peaks
Pdlim5: 4 peaks
Pdpn: 0 peaks
Pdrg1: 21 peaks
Pdzph1: 1 peaks
Pecam1: 6 peaks
Peg3: 18 peaks
Pes1: 7 peaks
Pex11g: 3 peaks
Pex19: 13 peaks
Pfdn5: 6 peaks
Pfn4: 3 peaks
Pgd: 9 peaks
Pgm5: 6 peaks
Pgp: 10 peaks
Phactr4: 3 peaks
Phax: 8 peaks
Phb: 7 peaks
Phf11c: 2 peaks
Phf13: 6 peaks
Phgdh: 4 peaks
Phka1: 5 peaks
Phkb: 18 peaks
Phkg1: 13 peaks
Phlda3: 12 peaks
Phldb1: 21 peaks
Phldb2: 8 peaks
Phlpp1: 37 peaks
Phtf1os: 5 peaks
Phxr4: 5 peaks
Phyhipl: 27 peaks
Pias3: 9 peaks
Picalm: 20 peaks
Pigf: 8 peaks
Pigm: 9 peaks
Pigv: 4 peaks
Pigyl: 9 peaks
Pik3ap1: 6 peaks
Pik3c3: 9 peaks
Pik3ca: 10 peaks
Pik3cg: 2 peaks
Pik3ip1: 12 peaks
Pik3r3: 20 peaks
Pim1: 8 peaks
Pinx1: 20 peaks
Pip4k2a: 21 peaks
Pisd: 14 peaks
Pitpnc1: 39 peaks
Pitrm1: 19 peaks
Pkd1l1: 6 peaks
Pkd2l1: 5 peaks
Pkhd1l1: 3 peaks
Pknox1: 20 peaks
Pkp4: 42 peaks
Pla2g16: 3 peaks
Pla2g7: 8 peaks
Plat: 8 peaks
Plcb3: 8 peaks
Plcd4: 6 peaks
Plch1: 5 peaks
Plcl1: 38 peaks
Pld1: 5 peaks
Pld2: 8 peaks
Pld4: 3 peaks
Pld5: 26 peaks
Plekha2: 8 peaks
Plekhb1: 11 peaks
Plekhd1: 2 peaks
Plekhf2: 5 peaks
Plekhg1: 13 peaks
Plekhg2: 2 peaks
Plekhg3: 5 peaks
Plekhh1: 5 peaks
Plekhh3: 5 peaks
Plekho2: 4 peaks
Plgrkt: 13 peaks
Plin2: 4 peaks
Plin3: 11 peaks
Plk2: 21 peaks
Pllp: 10 peaks
Pln: 1 peaks
Plod1: 4 peaks
Plp1: 16 peaks
Pls1: 11 peaks
Pltp: 6 peaks
Plxdc2: 20 peaks
Plxnb1: 11 peaks
Plxnb3: 9 peaks
Pm20d1: 2 peaks
Pmf1: 4 peaks
Pmp22: 5 peaks
Pmvk: 9 peaks
Pnma3: 5 peaks
Pnp: 2 peaks
Pnpla2: 6 peaks
Pnpla7: 8 peaks
Pnrc1: 7 peaks
Pnrc2: 5 peaks
Poc5: 4 peaks
Pola2: 8 peaks
Pole: 5 peaks
Polg2: 2 peaks
Polr1a: 20 peaks
Polr1d: 9 peaks
Polr1e: 8 peaks
Polr2d: 3 peaks
Polr2g: 16 peaks
Polr2k: 7 peaks
Polr2m: 5 peaks
Polr3d: 17 peaks
Polr3e: 12 peaks
Polr3k: 6 peaks
Polrmt: 19 peaks
Pomc: 6 peaks
Pon2: 4 peaks
Pon3: 4 peaks
Pop1: 19 peaks
Pop4: 11 peaks
Popdc3: 1 peaks
Por: 12 peaks
Pou2f2: 25 peaks
Pou3f1: 6 peaks
Pou3f2: 5 peaks
Pou6f1: 23 peaks
Ppara: 8 peaks
Ppargc1a: 17 peaks
Ppcdc: 12 peaks
Ppef2: 4 peaks
Ppfia4: 29 peaks
Ppfibp2: 10 peaks
Ppp1ca: 15 peaks
Ppp1r13l: 6 peaks
Ppp1r14a: 7 peaks
Ppp1r15a: 8 peaks
Ppp1r16b: 32 peaks
Ppp1r18: 5 peaks
Ppp1r1a: 26 peaks
Ppp1r3c: 6 peaks
Ppp1r3g: 6 peaks
Ppp1r9b: 10 peaks
Ppp2r3a: 25 peaks
Ppp2r3d: 4 peaks
Ppp4r1l-ps: 10 peaks
Ppp6r2: 13 peaks
Pqbp1: 11 peaks
Pramef8: 4 peaks
Prdm11: 14 peaks
Prdm16: 17 peaks
Prdm5: 3 peaks
Prdm6: 3 peaks
Prdx1: 6 peaks
Prdx6: 12 peaks
Prelid1: 8 peaks
Prex1: 30 peaks
Prex2: 14 peaks
Prim1: 5 peaks
Prima1: 5 peaks
Primpol: 3 peaks
Prkab1: 9 peaks
Prkcd: 8 peaks
Prkcq: 3 peaks
Prkd1: 19 peaks
Prkd3: 5 peaks
Prob1: 8 peaks
Proca1: 7 peaks
Prodh: 11 peaks
Prom1: 5 peaks
Pros1: 3 peaks
Proser2: 2 peaks
Proser3: 3 peaks
Prox1: 3 peaks
Prpf31: 9 peaks
Prpf38b: 25 peaks
Prr5: 4 peaks
Prr5l: 13 peaks
Prrg1: 3 peaks
Prrg2: 6 peaks
Prrt4: 6 peaks
Prrx1: 4 peaks
Prrx2: 8 peaks
Prss35: 9 peaks
Prune2: 19 peaks
Psat1: 8 peaks
Psd2: 11 peaks
Psen2: 11 peaks
Psenen: 10 peaks
Psma2: 7 peaks
Psmc2: 17 peaks
Psmc3ip: 6 peaks
Psmc5: 14 peaks
Psmd7: 19 peaks
Psmg2: 9 peaks
Psmg4: 7 peaks
Pstpip2: 10 peaks
Ptar1: 13 peaks
Ptch1: 17 peaks
Ptchd4: 33 peaks
Ptgds: 14 peaks
Ptges: 10 peaks
Ptgs1: 6 peaks
Ptn: 39 peaks
Ptp4a1: 3 peaks
Ptpn14: 7 peaks
Ptpn6: 7 peaks
Ptprc: 2 peaks
Ptpre: 18 peaks
Ptprm: 74 peaks
Ptpro: 16 peaks
Ptprt: 101 peaks
Ptpru: 19 peaks
Ptprz1: 7 peaks
Ptrh1: 10 peaks
Ptrhd1: 6 peaks
Pts: 9 peaks
Pwp1: 5 peaks
Pxdc1: 7 peaks
Pxmp2: 10 peaks
Pycard: 4 peaks
Pycr1: 3 peaks
Pygb: 19 peaks
Pygm: 8 peaks
Pygo1: 14 peaks
Pyroxd2: 1 peaks
Pyurf: 6 peaks
Qdpr: 10 peaks
Qk: 35 peaks
Qpct: 1 peaks
R3hcc1: 2 peaks
Rab10: 15 peaks
Rab20: 4 peaks
Rab27a: 7 peaks
Rab29: 4 peaks
Rab31: 17 peaks
Rab33b: 7 peaks
Rab34: 24 peaks
Rab39: 5 peaks
Rab39b: 1 peaks
Rab3il1: 5 peaks
Rab5b: 18 peaks
Rab7b: 1 peaks
Rab8a: 8 peaks
Rac1: 13 peaks
Rad50: 15 peaks
Rad51ap1: 6 peaks
Rad51d: 6 peaks
Rad54b: 3 peaks
Rad54l2: 15 peaks
Rai14: 16 peaks
Ramp1: 26 peaks
Ramp2: 6 peaks
Ranbp1: 23 peaks
Ranbp3l: 9 peaks
Rap1a: 15 peaks
Rapgef3: 9 peaks
Rarg: 8 peaks
Rasa2: 32 peaks
Rasa4: 12 peaks
Rasal3: 3 peaks
Rasd1: 0 peaks
Rasgrp3: 3 peaks
Rasgrp4: 10 peaks
Rasl10a: 15 peaks
Rasl12: 3 peaks
Rasl2-9: 2 peaks
Rassf2: 13 peaks
Rassf4: 5 peaks
Rassf8: 9 peaks
Rbbp6: 41 peaks
Rbbp8: 11 peaks
Rbm11: 7 peaks
Rbm25: 53 peaks
Rbms2: 8 peaks
Rbms3: 30 peaks
Rbmxl1: 9 peaks
Rbpjl: 2 peaks
Rbpms2: 3 peaks
Rcan3: 6 peaks
Rcc1: 4 peaks
Rcn3: 3 peaks
Rcsd1: 6 peaks
Rdh5: 5 peaks
Rdm1: 2 peaks
Rdx: 14 peaks
Reck: 14 peaks
Recql4: 8 peaks
Reep4: 5 peaks
Reln: 29 peaks
Renbp: 8 peaks
Rerg: 16 peaks
Rest: 5 peaks
Rev3l: 32 peaks
Rexo1: 20 peaks
Rffl: 9 peaks
Rfk: 5 peaks
Rftn2: 2 peaks
Rfx1: 20 peaks
Rfx3: 37 peaks
Rfx4: 14 peaks
Rfxap: 2 peaks
Rgcc: 5 peaks
Rgl2: 33 peaks
Rgma: 18 peaks
Rgs10: 11 peaks
Rgs12: 18 peaks
Rgs20: 21 peaks
Rgs22: 4 peaks
Rgs3: 6 peaks
Rgs5: 7 peaks
Rgs9: 23 peaks
Rhbdd1: 3 peaks
Rhbdf1: 11 peaks
Rhbdl2: 4 peaks
Rhd: 1 peaks
Rhoa: 10 peaks
Rhob: 12 peaks
Rhobtb1: 11 peaks
Rhoc: 3 peaks
Rhog: 3 peaks
Rhoj: 15 peaks
Rhoq: 15 peaks
Rhov: 3 peaks
Riiad1: 3 peaks
Rimkla: 4 peaks
Rimklb: 12 peaks
Rin2: 9 peaks
Rin3: 10 peaks
Rinl: 6 peaks
Ripk1: 11 peaks
Rlbp1: 11 peaks
Rmdn2: 6 peaks
Rmst: 18 peaks
Rnd2: 10 peaks
Rnf113a1: 0 peaks
Rnf122: 2 peaks
Rnf128: 5 peaks
Rnf135: 5 peaks
Rnf181: 12 peaks
Rnf182: 11 peaks
Rnf213: 5 peaks
Rnf214: 22 peaks
Rnf215: 20 peaks
Rnf219: 1 peaks
Rnf220: 24 peaks
Rnf43: 5 peaks
Rnf5: 6 peaks
Robo3: 46 peaks
Ror1: 8 peaks
Rora: 113 peaks
Rorb: 35 peaks
Rp1: 1 peaks
Rpe65: 1 peaks
Rpl10a-ps1: 3 peaks
Rpl13-ps5: 1 peaks
Rpl13a: 21 peaks
Rpl18: 10 peaks
Rpl21-ps6: 2 peaks
Rpl36a: 5 peaks
Rpl7: 7 peaks
Rpl9-ps1: 1 peaks
Rpp21: 10 peaks
Rpp25l: 9 peaks
Rprd2: 19 peaks
Rps15a-ps4: 2 peaks
Rps19: 11 peaks
Rps19-ps7: 3 peaks
Rps19bp1: 14 peaks
Rps2: 26 peaks
Rps2-ps11: 7 peaks
Rps2-ps13: 1 peaks
Rps2-ps9: 8 peaks
Rps24-ps3: 0 peaks
Rps25: 14 peaks
Rps27a: 9 peaks
Rps27l: 10 peaks
Rps3: 16 peaks
Rps4l: 3 peaks
Rps5: 14 peaks
Rps6ka5: 25 peaks
Rpsa: 15 peaks
Rpsa-ps1: 0 peaks
Rpsa-ps10: 0 peaks
Rpsa-ps12: 5 peaks
Rpsa-ps4: 1 peaks
Rrbp1: 16 peaks
Rreb1: 17 peaks
Rrm1: 2 peaks
Rrp8: 9 peaks
Rrs1: 8 peaks
Rsbn1l: 25 peaks
Rsl1d1: 18 peaks
Rsph1: 8 peaks
Rsph10b: 24 peaks
Rtf1: 31 peaks
Rtp4: 1 peaks
Runx1: 1 peaks
Rxfp1: 19 peaks
Rxra: 7 peaks
Ryr3: 65 peaks
S100a1: 8 peaks
S100a13: 4 peaks
S100a16: 10 peaks
S100b: 11 peaks
S1pr1: 12 peaks
S1pr5: 4 peaks
Sall1: 3 peaks
Sall3: 3 peaks
Samd1: 5 peaks
Samd14: 6 peaks
Samd15: 5 peaks
Samhd1: 14 peaks
Samsn1: 2 peaks
Sapcd2: 3 peaks
Saraf: 18 peaks
Sardh: 6 peaks
Sash1: 15 peaks
Sass6: 8 peaks
Sat1: 6 peaks
Sat2: 11 peaks
Sbsn: 11 peaks
Scamp3: 17 peaks
Scara3: 7 peaks
Scd2: 18 peaks
Scd3: 4 peaks
Scel: 9 peaks
Scg2: 10 peaks
Scg3: 21 peaks
Scly: 8 peaks
Scnm1: 16 peaks
Sco1: 7 peaks
Scoc: 11 peaks
Scrg1: 7 peaks
Scrn3: 7 peaks
Sctr: 4 peaks
Scube1: 46 peaks
Scyl1: 12 peaks
Sdc4: 8 peaks
Sdcbp2: 5 peaks
Sdf2: 18 peaks
Sdhaf1: 9 peaks
Sdk1: 68 peaks
Sdk2: 47 peaks
Sdsl: 7 peaks
Sec1: 11 peaks
Sec11c: 18 peaks
Sec14l5: 7 peaks
Sec31a: 20 peaks
Sec62: 24 peaks
Selenbp1: 3 peaks
Selplg: 10 peaks
Sema3e: 14 peaks
Sema4b: 10 peaks
Sema4c: 11 peaks
Sema4d: 13 peaks
Sema4g: 6 peaks
Sema5a: 19 peaks
Sema5b: 17 peaks
Sema6a: 23 peaks
Sema6c: 10 peaks
Sema6d: 56 peaks
Sept10: 8 peaks
Sept4: 35 peaks
Sept7: 42 peaks
Serhl: 9 peaks
Serp1: 5 peaks
Serpinb1a: 2 peaks
Serpine2: 16 peaks
Sertad1: 9 peaks
Sertad3: 4 peaks
Setd1a: 5 peaks
Setd6: 7 peaks
Sez6l2: 19 peaks
Sf3a3: 22 peaks
Sf3b5: 6 peaks
Sfr1: 8 peaks
Sfrp1: 2 peaks
Sft2d2: 4 peaks
Sfta2: 6 peaks
Sfxn5: 30 peaks
Sgcd: 62 peaks
Sgcz: 53 peaks
Sgpp1: 7 peaks
Sgsh: 4 peaks
Sgta: 17 peaks
Sh2b3: 13 peaks
Sh3bgrl3: 15 peaks
Sh3bp2: 6 peaks
Sh3d19: 15 peaks
Sh3gl1: 18 peaks
Sh3kbp1: 23 peaks
Sh3tc2: 8 peaks
Shc1: 6 peaks
Shc4: 8 peaks
Shisa6: 19 peaks
Shq1: 7 peaks
Shroom2: 3 peaks
Shtn1: 33 peaks
Siglech: 6 peaks
Sik1: 3 peaks
Sik3: 40 peaks
Sirpa: 40 peaks
Sirt2: 18 peaks
Siva1: 6 peaks
Six5: 8 peaks
Ska3: 3 peaks
Ski: 22 peaks
Skiv2l: 27 peaks
Sla: 9 peaks
Slain1: 16 peaks
Slc10a7: 9 peaks
Slc11a1: 6 peaks
Slc12a4: 11 peaks
Slc13a3: 4 peaks
Slc13a4: 1 peaks
Slc13a5: 9 peaks
Slc14a2: 5 peaks
Slc15a2: 7 peaks
Slc16a10: 16 peaks
Slc16a12: 4 peaks
Slc16a13: 3 peaks
Slc16a6: 17 peaks
Slc17a8: 4 peaks
Slc17a9: 6 peaks
Slc1a2: 89 peaks
Slc1a3: 16 peaks
Slc1a4: 12 peaks
Slc20a2: 15 peaks
Slc22a21: 10 peaks
Slc22a23: 47 peaks
Slc22a8: 2 peaks
Slc24a2: 83 peaks
Slc24a3: 51 peaks
Slc24a5: 5 peaks
Slc25a11: 12 peaks
Slc25a18: 10 peaks
Slc25a20: 4 peaks
Slc25a28: 19 peaks
Slc25a34: 3 peaks
Slc25a38: 14 peaks
Slc25a39: 9 peaks
Slc25a45: 2 peaks
Slc26a3: 6 peaks
Slc26a4: 15 peaks
Slc27a1: 15 peaks
Slc27a5: 0 peaks
Slc2a1: 9 peaks
Slc2a10: 5 peaks
Slc2a12: 4 peaks
Slc2a5: 8 peaks
Slc30a10: 4 peaks
Slc30a7: 9 peaks
Slc33a1: 8 peaks
Slc35b2: 11 peaks
Slc35f1: 56 peaks
Slc35g2: 5 peaks
Slc37a2: 7 peaks
Slc38a11: 0 peaks
Slc38a2: 21 peaks
Slc38a3: 14 peaks
Slc39a12: 6 peaks
Slc39a13: 22 peaks
Slc39a6: 8 peaks
Slc3a2: 23 peaks
Slc40a1: 5 peaks
Slc44a5: 15 peaks
Slc46a3: 7 peaks
Slc48a1: 22 peaks
Slc4a11: 6 peaks
Slc4a2: 8 peaks
Slc4a4: 24 peaks
Slc5a10: 2 peaks
Slc5a6: 6 peaks
Slc6a1: 25 peaks
Slc6a11: 19 peaks
Slc6a13: 5 peaks
Slc6a20a: 6 peaks
Slc6a9: 7 peaks
Slc7a10: 16 peaks
Slc7a11: 6 peaks
Slc7a2: 3 peaks
Slc8b1: 6 peaks
Slc9a3r1: 5 peaks
Slc9b2: 7 peaks
Slco1a4: 1 peaks
Slco1b2: 3 peaks
Slco1c1: 7 peaks
Slco2b1: 8 peaks
Slk: 28 peaks
Slpi: 1 peaks
Smad5: 6 peaks
Smad7: 14 peaks
Smarca2: 48 peaks
Smc1a: 15 peaks
Smc4: 6 peaks
Smco3: 2 peaks
Smg8: 6 peaks
Smim10l1: 1 peaks
Smim10l2a: 1 peaks
Smim15: 9 peaks
Smim20: 10 peaks
Smim24: 5 peaks
Smim3: 11 peaks
Smim7: 15 peaks
Smo: 4 peaks
Smoc1: 7 peaks
Smox: 13 peaks
Smpd2: 9 peaks
Smpdl3a: 2 peaks
Smurf2: 21 peaks
Snai3: 4 peaks
Snapc5: 5 peaks
Snapin: 12 peaks
Sned1: 11 peaks
Snhg8: 14 peaks
Snrnp25: 11 peaks
Snrnp27: 11 peaks
Snrpd3: 8 peaks
Snrpg: 12 peaks
Snupn: 11 peaks
Snw1: 9 peaks
Snx19: 9 peaks
Snx22: 5 peaks
Snx25: 17 peaks
Snx30: 11 peaks
Snx31: 3 peaks
Snx33: 7 peaks
Snx8: 10 peaks
Soat1: 10 peaks
Socs1: 1 peaks
Socs3: 8 peaks
Soga1: 16 peaks
Sorbs3: 5 peaks
Sorcs1: 65 peaks
Sorcs3: 72 peaks
Sox10: 23 peaks
Sox2ot: 27 peaks
Sox4: 9 peaks
Sox6: 32 peaks
Sox8: 16 peaks
Sox9: 5 peaks
Sp100: 6 peaks
Sp110: 1 peaks
Sp140: 1 peaks
Spag5: 21 peaks
Spag9: 35 peaks
Sparc: 7 peaks
Sparcl1: 31 peaks
Spata13: 6 peaks
Spata21: 8 peaks
Spata24: 8 peaks
Spata3: 3 peaks
Spata6: 6 peaks
Spata9: 3 peaks
Spcs1: 10 peaks
Spcs2: 14 peaks
Spef2: 1 peaks
Spg20: 8 peaks
Spi1: 5 peaks
Spin2c: 0 peaks
Spns3: 8 peaks
Spock3: 16 peaks
Spon1: 36 peaks
Sppl2b: 14 peaks
Spry1: 4 peaks
Spsb1: 8 peaks
Spsb4: 6 peaks
Spty2d1: 2 peaks
Sqle: 7 peaks
Sqrdl: 5 peaks
Srebf1: 11 peaks
Srgap1: 13 peaks
Srgap2: 44 peaks
Srp19: 11 peaks
Srpk3: 10 peaks
Srpx2: 2 peaks
Srsf3: 27 peaks
Ssbp1: 15 peaks
Sspn: 5 peaks
Sspo: 4 peaks
Sst: 10 peaks
Sstr3: 4 peaks
Ssu72: 13 peaks
St14: 4 peaks
St18: 7 peaks
St3gal4: 21 peaks
St3gal6: 7 peaks
St5: 6 peaks
St6gal1: 10 peaks
St6galnac3: 58 peaks
St6galnac5: 52 peaks
Stab1: 4 peaks
Stag2: 7 peaks
Stag3: 1 peaks
Stambpl1: 4 peaks
Stamos: 0 peaks
Stard13: 8 peaks
Stard3: 14 peaks
Stard5: 11 peaks
Stard9: 8 peaks
Stat3: 13 peaks
Stk11ip: 12 peaks
Stk32a: 9 peaks
Stmn4: 23 peaks
Ston1: 4 peaks
Ston2: 10 peaks
Strip1: 22 peaks
Stub1: 32 peaks
Stx11: 2 peaks
Stx4a: 18 peaks
Stxbp3: 10 peaks
Styxl1: 6 peaks
Suclg2: 3 peaks
Suco: 14 peaks
Sult1a1: 3 peaks
Sun2: 13 peaks
Supt16: 15 peaks
Supt6: 26 peaks
Supt7l: 5 peaks
Susd3: 4 peaks
Svil: 18 peaks
Swap70: 6 peaks
Swt1: 14 peaks
Syce1l: 3 peaks
Syde1: 5 peaks
Syk: 13 peaks
Syne2: 12 peaks
Synpr: 32 peaks
Sypl2: 13 peaks
Syt6: 20 peaks
Syt9: 4 peaks
Sytl2: 22 peaks
Sytl5: 4 peaks
T2: 3 peaks
Tab2: 19 peaks
Tab3: 3 peaks
Tac1: 4 peaks
Tacc2: 24 peaks
Taco1os: 7 peaks
Taf1: 17 peaks
Taf6l: 14 peaks
Taf7: 8 peaks
Taf9b: 1 peaks
Tagln3: 14 peaks
Tanc1: 13 peaks
Tap1: 8 peaks
Tapbp: 8 peaks
Tbc1d15: 9 peaks
Tbc1d16: 12 peaks
Tbc1d31: 16 peaks
Tbc1d5: 38 peaks
Tbc1d7: 13 peaks
Tbx6: 4 peaks
Tbxas1: 9 peaks
Tceanc2: 16 peaks
Tcf7l2: 10 peaks
Tchp: 11 peaks
Tcirg1: 13 peaks
Tcn2: 8 peaks
Tcof1: 16 peaks
Tcp11l2: 15 peaks
Tctn1: 16 peaks
Tead2: 7 peaks
Tead3: 2 peaks
Tec: 6 peaks
Tekt2: 4 peaks
Telo2: 11 peaks
Ten1: 15 peaks
Tenm1: 35 peaks
Tenm3: 62 peaks
Tep1: 5 peaks
Tes: 1 peaks
Tesc: 21 peaks
Tesk1: 12 peaks
Tet3: 28 peaks
Tex261: 10 peaks
Tex9: 16 peaks
Tfam: 9 peaks
Tfe3: 16 peaks
Tfeb: 7 peaks
Tfip11: 14 peaks
Tfpi: 3 peaks
Tgfa: 3 peaks
Tgfb1: 2 peaks
Tgfb2: 7 peaks
Tgfb3: 6 peaks
Tgfbi: 6 peaks
Tgfbr1: 13 peaks
Tgfbr2: 3 peaks
Tgm6: 8 peaks
Tgs1: 5 peaks
Thap3: 19 peaks
Them6: 10 peaks
Thnsl2: 3 peaks
Thoc3: 12 peaks
Thrsp: 8 peaks
Thsd1: 5 peaks
Thsd7a: 31 peaks
Thsd7b: 28 peaks
Thtpa: 15 peaks
Tifab: 6 peaks
Timm17b: 5 peaks
Timm8a1: 2 peaks
Timp2: 14 peaks
Timp3: 10 peaks
Timp4: 7 peaks
Tinf2: 9 peaks
Tiparp: 7 peaks
Tirap: 4 peaks
Tlcd1: 16 peaks
Tle4: 21 peaks
Tln1: 20 peaks
Tlr3: 2 peaks
Tlr4: 3 peaks
Tlr7: 4 peaks
Tm2d2: 8 peaks
Tmbim1: 6 peaks
Tmbim6: 18 peaks
Tmc7: 11 peaks
Tmcc2: 13 peaks
Tmcc3: 22 peaks
Tmco6: 4 peaks
Tmeff2: 55 peaks
Tmem100: 7 peaks
Tmem119: 8 peaks
Tmem120b: 15 peaks
Tmem123: 2 peaks
Tmem125: 2 peaks
Tmem144: 8 peaks
Tmem147: 21 peaks
Tmem163: 21 peaks
Tmem164: 14 peaks
Tmem176a: 2 peaks
Tmem176b: 2 peaks
Tmem183a: 11 peaks
Tmem198b: 5 peaks
Tmem204: 3 peaks
Tmem208: 27 peaks
Tmem220: 6 peaks
Tmem229a: 5 peaks
Tmem237: 9 peaks
Tmem251: 11 peaks
Tmem37: 4 peaks
Tmem39a: 15 peaks
Tmem40: 6 peaks
Tmem43: 3 peaks
Tmem47: 2 peaks
Tmem5: 9 peaks
Tmem60: 8 peaks
Tmem63a: 8 peaks
Tmem71: 1 peaks
Tmem79: 13 peaks
Tmem86b: 13 peaks
Tmem88: 4 peaks
Tmem88b: 9 peaks
Tmem91: 13 peaks
Tmem98: 2 peaks
Tmprss7: 7 peaks
Tmsb4x: 17 peaks
Tnc: 5 peaks
Tnfaip3: 1 peaks
Tnfaip6: 6 peaks
Tnfsf13os: 8 peaks
Tnni1: 15 peaks
Tnr: 85 peaks
Tns2: 10 peaks
Tns3: 9 peaks
Tnxa: 2 peaks
Tob1: 12 peaks
Tom1l1: 14 peaks
Top1mt: 10 peaks
Top2a: 7 peaks
Toporsos: 4 peaks
Tor1aip1: 8 peaks
Tor3a: 4 peaks
Tox: 52 peaks
Tox2: 14 peaks
Tox4: 5 peaks
Tpd52l2: 17 peaks
Tph2: 5 peaks
Tpp1: 14 peaks
Tppp: 14 peaks
Tpr: 10 peaks
Tprg: 7 peaks
Tprkb: 15 peaks
Tprn: 12 peaks
Tradd: 4 peaks
Traf3ip3: 7 peaks
Traf4: 11 peaks
Traf5: 15 peaks
Traf7: 21 peaks
Trafd1: 28 peaks
Tram1l1: 4 peaks
Trappc6a: 6 peaks
Trappc6b: 11 peaks
Trbc2: 15 peaks
Trem2: 6 peaks
Trhde: 43 peaks
Trib2: 6 peaks
Tril: 8 peaks
Trim11: 16 peaks
Trim12a: 0 peaks
Trim12c: 0 peaks
Trim13: 1 peaks
Trim26: 10 peaks
Trim30a: 1 peaks
Trim34a: 1 peaks
Trim36: 1 peaks
Trim45: 5 peaks
Trim47: 6 peaks
Trim5: 0 peaks
Trim56: 6 peaks
Trim58: 2 peaks
Trim59: 6 peaks
Trim62: 9 peaks
Trim67: 5 peaks
Trip6: 7 peaks
Trmt10a: 11 peaks
Trmt2b: 6 peaks
Trnau1ap: 13 peaks
Trnt1: 10 peaks
Trp53bp2: 9 peaks
Trp53cor1: 3 peaks
Trp53i13: 6 peaks
Trp53rkb: 7 peaks
Trp63: 1 peaks
Trpc6: 16 peaks
Trpm3: 50 peaks
Trpm5: 2 peaks
Trps1: 21 peaks
Trpv4: 7 peaks
Trub2: 14 peaks
Tsc22d3: 6 peaks
Tsc22d4: 9 peaks
Tsen2: 13 peaks
Tsen34: 5 peaks
Tsg101: 15 peaks
Tshr: 3 peaks
Tshz2: 24 peaks
Tspan15: 6 peaks
Tspan18: 5 peaks
Tspan2: 10 peaks
Tspan7: 23 peaks
Tsr1: 9 peaks
Tst: 10 peaks
Tstd1: 6 peaks
Tstd3: 6 peaks
Ttbk1: 19 peaks
Ttbk2: 3 peaks
Ttc1: 15 peaks
Ttc12: 8 peaks
Ttc23: 7 peaks
Ttc28: 27 peaks
Ttc32: 0 peaks
Ttc33: 7 peaks
Ttc39a: 5 peaks
Ttc39aos1: 4 peaks
Ttc41: 9 peaks
Ttc9b: 17 peaks
Ttf2: 4 peaks
Ttll12: 9 peaks
Ttll6: 2 peaks
Ttll8: 4 peaks
Ttn: 8 peaks
Ttpa: 0 peaks
Ttyh2: 11 peaks
Ttyh3: 17 peaks
Tubb2b: 6 peaks
Tubb4a: 11 peaks
Tut1: 7 peaks
Tvp23a: 12 peaks
Twf1: 10 peaks
Txn2: 12 peaks
Tyrobp: 9 peaks
Uaca: 6 peaks
Ubac1: 15 peaks
Ubash3b: 22 peaks
Ubc: 19 peaks
Ube2m: 9 peaks
Ubr2: 29 peaks
Ucp3: 4 peaks
Ufl1: 9 peaks
Ugdh: 14 peaks
Ugp2: 8 peaks
Ugt8a: 3 peaks
Ulbp1: 2 peaks
Unc13c: 9 peaks
Unc5b: 8 peaks
Unc5c: 54 peaks
Unc5cl: 5 peaks
Unc5d: 75 peaks
Unc93b1: 7 peaks
Ung: 6 peaks
Upf3b: 14 peaks
Upk1b: 8 peaks
Upp1: 2 peaks
Uprt: 0 peaks
Uqcrfs1: 6 peaks
Use1: 16 peaks
Usp22: 13 peaks
Usp29: 21 peaks
Usp3: 20 peaks
Usp54: 16 peaks
Ust: 19 peaks
Utp18: 17 peaks
Utp3: 10 peaks
Utrn: 36 peaks
Uxt: 6 peaks
Vangl1: 3 peaks
Vash2: 9 peaks
Vasp: 6 peaks
Vav1: 2 peaks
Vav2: 12 peaks
Vbp1: 3 peaks
Vcam1: 1 peaks
Vcan: 7 peaks
Vegfa: 16 peaks
Vegfc: 8 peaks
Vip: 5 peaks
Vldlr: 22 peaks
Vmn2r22: 0 peaks
Vmn2r80: 1 peaks
Vmp1: 25 peaks
Vps11: 18 peaks
Vps36: 10 peaks
Vps39: 18 peaks
Vps52: 16 peaks
Vrk2: 8 peaks
Vsig10: 5 peaks
Vsig8: 4 peaks
Vstm4: 5 peaks
Vtn: 5 peaks
Vwc2: 10 peaks
Vwc2l: 7 peaks
Wars2: 5 peaks
Wasf2: 21 peaks
Wbp2: 15 peaks
Wbp4: 19 peaks
Wdfy4: 6 peaks
Wdr18: 14 peaks
Wdr41: 21 peaks
Wdr46: 6 peaks
Wdr53: 6 peaks
Wdr5b: 2 peaks
Wdr60: 20 peaks
Wdr62: 4 peaks
Wdr72: 7 peaks
Wdr76: 12 peaks
Wdsub1: 4 peaks
Wee1: 6 peaks
Wfs1: 7 peaks
Whrn: 28 peaks
Wipf1: 9 peaks
Wnk1: 25 peaks
Wnk4: 5 peaks
Wnt10a: 3 peaks
Wnt3: 10 peaks
Wnt5b: 8 peaks
Wnt7a: 11 peaks
Wnt7b: 6 peaks
Wscd1: 12 peaks
Wt1os: 3 peaks
Wwtr1: 8 peaks
Xiap: 8 peaks
Xk: 1 peaks
Xpa: 16 peaks
Xrcc4: 12 peaks
Xylt1: 70 peaks
Xylt2: 12 peaks
Yif1b: 12 peaks
Ypel2: 20 peaks
Yrdc: 11 peaks
Ywhaq: 17 peaks
Zar1l: 3 peaks
Zbtb20: 35 peaks
Zbtb44: 9 peaks
Zbtb48: 11 peaks
Zbtb7b: 4 peaks
Zc3h11a: 6 peaks
Zc3h12a: 3 peaks
Zc3h13: 36 peaks
Zc3h4: 16 peaks
Zc3hav1: 6 peaks
Zc3hav1l: 4 peaks
Zcchc17: 12 peaks
Zcchc24: 10 peaks
Zdhhc12: 7 peaks
Zdhhc19: 6 peaks
Zdhhc7: 14 peaks
Zeb1: 32 peaks
Zeb2os: 3 peaks
Zfand2b: 14 peaks
Zfand6: 20 peaks
Zfhx3: 8 peaks
Zfp105: 3 peaks
Zfp106: 21 peaks
Zfp119a: 3 peaks
Zfp119b: 5 peaks
Zfp142: 7 peaks
Zfp202: 10 peaks
Zfp217: 3 peaks
Zfp235: 8 peaks
Zfp27: 9 peaks
Zfp275: 4 peaks
Zfp28: 6 peaks
Zfp280c: 13 peaks
Zfp317: 1 peaks
Zfp35: 12 peaks
Zfp354b: 2 peaks
Zfp36l1: 6 peaks
Zfp36l2: 10 peaks
Zfp37: 12 peaks
Zfp386: 6 peaks
Zfp39: 9 peaks
Zfp414: 2 peaks
Zfp442: 5 peaks
Zfp449: 4 peaks
Zfp462: 24 peaks
Zfp467: 6 peaks
Zfp474: 0 peaks
Zfp51: 4 peaks
Zfp521: 5 peaks
Zfp536: 20 peaks
Zfp563: 2 peaks
Zfp566: 6 peaks
Zfp568: 6 peaks
Zfp593: 5 peaks
Zfp597: 4 peaks
Zfp608: 20 peaks
Zfp62: 12 peaks
Zfp623: 9 peaks
Zfp628: 6 peaks
Zfp641: 13 peaks
Zfp688: 5 peaks
Zfp691: 4 peaks
Zfp703: 4 peaks
Zfp706: 10 peaks
Zfp707: 9 peaks
Zfp710: 13 peaks
Zfp719: 5 peaks
Zfp729a: 2 peaks
Zfp783: 6 peaks
Zfp786: 4 peaks
Zfp804a: 17 peaks
Zfp804b: 20 peaks
Zfp808: 1 peaks
Zfp820: 0 peaks
Zfp830: 5 peaks
Zfp862-ps: 6 peaks
Zfp866: 5 peaks
Zfp90: 8 peaks
Zfp94: 11 peaks
Zfp942: 5 peaks
Zfp959: 5 peaks
Zfpm2: 34 peaks
Zfyve21: 6 peaks
Zglp1: 5 peaks
Zhx2: 17 peaks
Zhx3: 20 peaks
Zic4: 0 peaks
Zic5: 1 peaks
Zkscan3: 28 peaks
Zmat1: 10 peaks
Zmat4: 82 peaks
Znrd1as: 3 peaks
Zpr1: 13 peaks
Zrsr2: 5 peaks
Zscan12: 2 peaks
Zscan25: 3 peaks
1110012L19Rik: 0 peaks
4930556N13Rik: 2 peaks
4932435O22Rik: 3 peaks
5730559C18Rik: 7 peaks
Adm: 2 peaks
Ankrd7: 1 peaks
B230398E01Rik: 4 peaks
B3gnt9: 2 peaks
B9d1os: 6 peaks
Cby3: 6 peaks
Dmrta2os: 2 peaks
Fam83d: 3 peaks
Fgfr3-ps: 6 peaks
Frem3: 2 peaks
Glp1r: 5 peaks
Gm10030: 3 peaks
Gm10687: 5 peaks
Gm11844: 3 peaks
Gm16630: 4 peaks
Gm19583: 2 peaks
Gm22615: 1 peaks
Gm24923: 0 peaks
Gm2617: 0 peaks
Gm38391: 1 peaks
Gm8449: 0 peaks
Gm8624: 0 peaks
Hebp2: 6 peaks
Icosl: 5 peaks
Lgals12: 3 peaks
Med18: 3 peaks
Peg10: 1 peaks
Spin4: 3 peaks
Suox: 2 peaks
Tac2: 2 peaks
Theg: 5 peaks
Zfp488: 0 peaks
9230116N13Rik: 3 peaks
Dynlt1f: 3 peaks
Gm13688: 5 peaks
Unc13d: 10 peaks
Cass4: 2 peaks
